#
# A fatal error has been detected by the Java Runtime Environment:
#
#  SIGSEGV (0xb) at pc=0x0000000125b5bc2e, pid=56502, tid=259
#
# JRE version: OpenJDK Runtime Environment (19.0.2+7) (build 19.0.2+7-44)
# Java VM: OpenJDK 64-Bit Server VM (19.0.2+7-44, mixed mode, sharing, tiered, compressed oops, compressed class ptrs, g1 gc, bsd-amd64)
# Problematic frame:
# C  [libglass.dylib+0x4c2e]
#
# No core dump will be written. Core dumps have been disabled. To enable core dumping, try "ulimit -c unlimited" before starting Java again
#
# If you would like to submit a bug report, please visit:
#   https://bugreport.java.com/bugreport/crash.jsp
#

---------------  S U M M A R Y ------------

Command Line: -javaagent:/Applications/IntelliJ IDEA CE.app/Contents/lib/idea_rt.jar=54663:/Applications/IntelliJ IDEA CE.app/Contents/bin -Dfile.encoding=UTF-8 -Dsun.stdout.encoding=UTF-8 -Dsun.stderr.encoding=UTF-8 --module-path=/Users/taliablanco/.m2/repository/org/kordamp/bootstrapfx/bootstrapfx-core/0.4.0/bootstrapfx-core-0.4.0.jar:/Users/taliablanco/.m2/repository/org/kordamp/ikonli/ikonli-core/12.3.1/ikonli-core-12.3.1.jar:/Users/taliablanco/.m2/repository/com/opencsv/opencsv/5.7.1/opencsv-5.7.1.jar:/Users/taliablanco/.m2/repository/org/openjfx/javafx-media/19/javafx-media-19-mac.jar:/Users/taliablanco/.m2/repository/org/openjfx/javafx-base/19/javafx-base-19-mac.jar:/Users/taliablanco/.m2/repository/org/kordamp/ikonli/ikonli-javafx/12.3.1/ikonli-javafx-12.3.1.jar:/Users/taliablanco/.m2/repository/com/dlsc/formsfx/formsfx-core/11.5.0/formsfx-core-11.5.0.jar:/Users/taliablanco/.m2/repository/org/openjfx/javafx-controls/19/javafx-controls-19-mac.jar:/Users/taliablanco/.m2/repository/org/controlsfx/controlsfx/11.1.1/controlsfx-11.1.1.jar:/Users/taliablanco/.m2/repository/org/openjfx/javafx-graphics/19/javafx-graphics-19-mac.jar:/Users/taliablanco/.m2/repository/net/synedra/validatorfx/0.3.1/validatorfx-0.3.1.jar:/Users/taliablanco/.m2/repository/org/openjfx/javafx-fxml/19/javafx-fxml-19-mac.jar:/Users/taliablanco/Documents/GitHub/catan/The Settlers/target/classes -Djdk.module.main=com.example.thesettlers com.example.thesettlers/com.example.thesettlers.MenuFX

Host: "MacBookPro15,4" x86_64 1400 MHz, 8 cores, 8G, Darwin 22.3.0, macOS 13.2.1 (22D68)
Time: Fri Apr 21 22:22:32 2023 BST elapsed time: 6.456399 seconds (0d 0h 0m 6s)

---------------  T H R E A D  ---------------

Current thread is native thread

Stack: [0x00007ff7bedf0000,0x00007ff7bf5f0000],  sp=0x00007ff7bf5eb2f0,  free space=8172k
Native frames: (J=compiled Java code, j=interpreted, Vv=VM code, C=native code)
C  [libglass.dylib+0x4c2e]
C  [CoreFoundation+0x753d4]  __CFNOTIFICATIONCENTER_IS_CALLING_OUT_TO_AN_OBSERVER__+0x89
C  [CoreFoundation+0x10f41a]  ___CFXRegistrationPost_block_invoke+0x58
C  [CoreFoundation+0x10f369]  _CFXRegistrationPost+0x218
C  [CoreFoundation+0x488f9]  _CFXNotificationPost+0x2df
C  [Foundation+0x9abc]  -[NSNotificationCenter postNotificationName:object:userInfo:]+0x52
C  [AppKit+0x1db411]  -[NSWindow resignKeyWindow]+0x2f6
C  [AppKit+0x989efe]  -[NSWindow _orderOut:calculatingKeyWithOptions:documentWindow:]+0x13f
C  [AppKit+0x8a362]  NSPerformVisuallyAtomicChange+0x84
C  [AppKit+0x98bfa9]  -[NSWindow _reallyDoOrderWindowOutRelativeTo:]+0x27a
C  [AppKit+0x98c3b4]  -[NSWindow _reallyDoOrderWindow:]+0x63
C  [AppKit+0x98c62a]  -[NSWindow _doOrderWindow:]+0x127
C  [AppKit+0x98749b]  -[NSWindow _finishClosingWindow]+0x132
C  [AppKit+0x34353f]  -[NSWindow _close]+0x150
C  [libglass.dylib+0x1ad1f]  Java_com_sun_glass_ui_mac_MacPasteboard__1getAllowedOperation+0x35f
C  [Foundation+0x7f190]  __NSThreadPerformPerform+0xb1
C  [CoreFoundation+0x7fb78]  __CFRUNLOOP_IS_CALLING_OUT_TO_A_SOURCE0_PERFORM_FUNCTION__+0x11
C  [CoreFoundation+0x7fb27]  __CFRunLoopDoSource0+0x9d
C  [CoreFoundation+0x7f901]  __CFRunLoopDoSources0+0xd4
C  [CoreFoundation+0x7e57b]  __CFRunLoopRun+0x3a1
C  [CoreFoundation+0x7db60]  CFRunLoopRunSpecific+0x230
C  [libjli.dylib+0x6ef2]  CreateExecutionEnvironment+0x182
C  [libjli.dylib+0x2c6c]  JLI_Launch+0x59c
C  [java+0x3c0f]  main+0x18f
C  [dyld+0x6310]  start+0x980


siginfo: si_signo: 11 (SIGSEGV), si_code: 1 (SEGV_MAPERR), si_addr: 0x0000000000000000

Registers:
RAX=0x0000000000000103, RBX=0x0000000000000019, RCX=0x0000000000000000, RDX=0x00000000006ff400
RSP=0x00007ff7bf5eb2f0, RBP=0x00007ff7bf5eb720, RSI=0x00000001009d2a00, RDI=0x0000000000000000
R8 =0x0000000000000000, R9 =0x0000000000000800, R10=0x0000000000008004, R11=0x0000000000003fff
R12=0x0000000125b984e8, R13=0x00007f7cca10d000, R14=0x0000600001ad2520, R15=0x0000000000000019
RIP=0x0000000125b5bc2e, EFLAGS=0x0000000000010206, ERR=0x0000000000000004
  TRAPNO=0x000000000000000e


Top of Stack: (sp=0x00007ff7bf5eb2f0)
0x00007ff7bf5eb2f0:   0000000125b5bbeb 00007ff8178d73d4
0x00007ff7bf5eb300:   00007ff81797141a 00007ff817971369
0x00007ff7bf5eb310:   00007ff8178aa8f9 00007ff8186e6abc
0x00007ff7bf5eb320:   00007ff81abcd411 00007ff81b37befe
0x00007ff7bf5eb330:   00007ff81aa7c362 00007ff81b37dfa9
0x00007ff7bf5eb340:   00007ff81b37e3b4 00007ff81b37e62a
0x00007ff7bf5eb350:   00007ff81b37949b 00007ff81ad3553f
0x00007ff7bf5eb360:   0000000125b71d1f 00007ff81875c190
0x00007ff7bf5eb370:   00007ff8178e1b78 00007ff8178e1b27
0x00007ff7bf5eb380:   00007ff8178e1901 00007ff8178e057b
0x00007ff7bf5eb390:   00007ff8178dfb60 00000001009bfef2
0x00007ff7bf5eb3a0:   00000001009bbc6c 0000000100913c0f
0x00007ff7bf5eb3b0:   00007ff8174d3310 0000000000000000
0x00007ff7bf5eb3c0:   00007ff7bf5eb450 00007ff81f73a013
0x00007ff7bf5eb3d0:   0000600003d8ab00 00007f7ccac27878
0x00007ff7bf5eb3e0:   44c88a695ce6001c 0000600002800d80
0x00007ff7bf5eb3f0:   0000000000000029 0000000000000029
0x00007ff7bf5eb400:   00006000026ac480 0000600002800d80
0x00007ff7bf5eb410:   00007ff7bf5eb440 00007ff81786bc39
0x00007ff7bf5eb420:   00007ff85aa40ff8 000000000000001b
0x00007ff7bf5eb430:   0000000000000029 0000600002800d80
0x00007ff7bf5eb440:   00007ff7bf5eb470 00007ff8174b84b7
0x00007ff7bf5eb450:   00007f7cca83b110 00007f7cca83b110
0x00007ff7bf5eb460:   0000600000ccf438 00007ff83781d198
0x00007ff7bf5eb470:   00007ff7bf5eb490 00007ff81749d45e
0x00007ff7bf5eb480:   00007ff81f73bcdc 0000600002800d80
0x00007ff7bf5eb490:   00007ff7bf5eb5f0 00007ff81f73bcdc
0x00007ff7bf5eb4a0:   00007f7ccb80b4a8 00006000003a1c08
0x00007ff7bf5eb4b0:   0000600000bfd1d0 0000600000ccf420
0x00007ff7bf5eb4c0:   2d36622d38317b30 2d302d302d302d30
0x00007ff7bf5eb4d0:   2d302d302d302d30 00007d302d302d32
0x00007ff7bf5eb4e0:   0000000000000000 0000000000000000 

Instructions: (pc=0x0000000125b5bc2e)
0x0000000125b5bb2e:   48 8b 05 e3 35 03 00 48 8b 00 48 3b 45 d0 0f 84
0x0000000125b5bb3e:   1f ff ff ff e8 45 88 02 00 66 0f 1f 84 00 00 00
0x0000000125b5bb4e:   00 00 55 48 89 e5 41 57 41 56 41 55 41 54 53 48
0x0000000125b5bb5e:   81 ec 08 04 00 00 48 8b 05 ad 35 03 00 48 8b 00
0x0000000125b5bb6e:   48 89 45 d0 48 8d 05 67 be 03 00 48 8b 00 48 83
0x0000000125b5bb7e:   3c 07 00 0f 85 cf 00 00 00 49 89 fe 48 8b 35 07
0x0000000125b5bb8e:   a8 03 00 ff 15 d1 35 03 00 4c 8d 25 4a c9 03 00
0x0000000125b5bb9e:   49 8b 3c 24 48 85 ff 0f 85 83 00 00 00 48 8b 05
0x0000000125b5bbae:   6e 35 03 00 48 8b 38 48 8d 35 24 dc 02 00 48 8d
0x0000000125b5bbbe:   15 1a dd 02 00 48 8d 0d 97 dc 02 00 41 b8 60 00
0x0000000125b5bbce:   00 00 31 c0 e8 fd 87 02 00 48 8d 9d d0 fb ff ff
0x0000000125b5bbde:   48 89 df be 80 00 00 00 e8 b9 87 02 00 41 89 c7
0x0000000125b5bbee:   48 89 df 89 c6 e8 b2 87 02 00 49 89 c5 45 85 ff
0x0000000125b5bbfe:   7e 22 45 89 ff 31 db 66 2e 0f 1f 84 00 00 00 00
0x0000000125b5bc0e:   00 90 49 8b 7c dd 00 e8 5e 89 02 00 48 ff c3 49
0x0000000125b5bc1e:   39 df 75 ee 4c 89 ef e8 b6 87 02 00 49 8b 3c 24
0x0000000125b5bc2e:   48 8b 1f 48 8d 05 78 bd 03 00 48 8b 00 49 8b 34
0x0000000125b5bc3e:   06 48 8d 05 22 c9 03 00 48 8b 10 b9 1d 02 00 00
0x0000000125b5bc4e:   31 c0 ff 93 e8 01 00 00 48 8b 05 bb 34 03 00 48
0x0000000125b5bc5e:   8b 00 48 3b 45 d0 75 12 48 81 c4 08 04 00 00 5b
0x0000000125b5bc6e:   41 5c 41 5d 41 5e 41 5f 5d c3 e8 0f 87 02 00 0f
0x0000000125b5bc7e:   1f 00 55 48 89 e5 41 57 41 56 41 55 41 54 53 50
0x0000000125b5bc8e:   48 89 fb 48 8d 05 20 bd 03 00 4c 8b 20 4a 8b 3c
0x0000000125b5bc9e:   27 4c 8b 35 fa a6 03 00 4c 89 f6 ff 15 b9 34 03
0x0000000125b5bcae:   00 48 85 c0 74 22 4a 8b 3c 23 4c 8b 3d a9 34 03
0x0000000125b5bcbe:   00 4c 89 f6 41 ff d7 4a 8b 14 23 48 8b 35 d8 a6
0x0000000125b5bcce:   03 00 48 89 c7 41 ff d7 48 89 5d d0 4a 8b 3c 23
0x0000000125b5bcde:   48 8b 35 cb a6 03 00 4c 8b 3d 7c 34 03 00 41 ff
0x0000000125b5bcee:   d7 48 89 c3 48 8b 35 bf a6 03 00 48 89 c7 41 ff
0x0000000125b5bcfe:   d7 48 85 c0 74 46 4c 8b 25 b5 a6 03 00 4c 8b 2d
0x0000000125b5bd0e:   b6 a6 03 00 45 31 f6 66 2e 0f 1f 84 00 00 00 00
0x0000000125b5bd1e:   00 90 48 89 df 4c 89 e6 4c 89 f2 41 ff d7 48 89 



---------------  P R O C E S S  ---------------

VM state: at safepoint (normal execution)

VM Mutex/Monitor currently owned by a thread:  ([mutex/lock_event])
[0x00006000006cab00] Threads_lock - owner thread: 0x00007f7ccae04e90
[0x00006000006cab80] Heap_lock - owner thread: 0x00007f7cca009200

Heap address: 0x0000000780000000, size: 2048 MB, Compressed Oops mode: Zero based, Oop shift amount: 3

CDS archive(s) mapped at: [0x0000000800000000-0x0000000800c44000-0x0000000800c44000), size 12861440, SharedBaseAddress: 0x0000000800000000, ArchiveRelocationMode: 0.
Compressed class space mapped at: 0x0000000801000000-0x0000000841000000, reserved size: 1073741824
Narrow klass base: 0x0000000800000000, Narrow klass shift: 0, Narrow klass range: 0x100000000

GC Precious Log:
<Skipped>

Heap:
 garbage-first heap   total 133120K, used 75393K [0x0000000780000000, 0x0000000800000000)
  region size 1024K, 22 young (22528K), 3 survivors (3072K)
 Metaspace       used 11768K, committed 12032K, reserved 1114112K
  class space    used 1559K, committed 1664K, reserved 1048576K

Heap Regions: E=young(eden), S=young(survivor), O=old, HS=humongous(starts), HC=humongous(continues), CS=collection set, F=free, OA=open archive, CA=closed archive, TAMS=top-at-mark-start (previous, next)
|   0|0x0000000780000000, 0x00000007800ac400, 0x0000000780100000| 67%| O|  |TAMS 0x0000000780000000, 0x0000000780000000| Untracked 
|   1|0x0000000780100000, 0x0000000780200000, 0x0000000780200000|100%|HS|  |TAMS 0x0000000780100000, 0x0000000780100000| Complete 
|   2|0x0000000780200000, 0x0000000780300000, 0x0000000780300000|100%|HC|  |TAMS 0x0000000780200000, 0x0000000780200000| Complete 
|   3|0x0000000780300000, 0x0000000780400000, 0x0000000780400000|100%|HS|  |TAMS 0x0000000780300000, 0x0000000780300000| Complete 
|   4|0x0000000780400000, 0x0000000780500000, 0x0000000780500000|100%|HC|  |TAMS 0x0000000780400000, 0x0000000780400000| Complete 
|   5|0x0000000780500000, 0x0000000780600000, 0x0000000780600000|100%|HS|  |TAMS 0x0000000780500000, 0x0000000780500000| Complete 
|   6|0x0000000780600000, 0x0000000780700000, 0x0000000780700000|100%|HC|  |TAMS 0x0000000780600000, 0x0000000780600000| Complete 
|   7|0x0000000780700000, 0x0000000780800000, 0x0000000780800000|100%|HS|  |TAMS 0x0000000780700000, 0x0000000780700000| Complete 
|   8|0x0000000780800000, 0x0000000780900000, 0x0000000780900000|100%|HC|  |TAMS 0x0000000780800000, 0x0000000780800000| Complete 
|   9|0x0000000780900000, 0x0000000780a00000, 0x0000000780a00000|100%|HC|  |TAMS 0x0000000780900000, 0x0000000780900000| Complete 
|  10|0x0000000780a00000, 0x0000000780b00000, 0x0000000780b00000|100%|HC|  |TAMS 0x0000000780a00000, 0x0000000780a00000| Complete 
|  11|0x0000000780b00000, 0x0000000780c00000, 0x0000000780c00000|100%|HC|  |TAMS 0x0000000780b00000, 0x0000000780b00000| Complete 
|  12|0x0000000780c00000, 0x0000000780d00000, 0x0000000780d00000|100%|HC|  |TAMS 0x0000000780c00000, 0x0000000780c00000| Complete 
|  13|0x0000000780d00000, 0x0000000780e00000, 0x0000000780e00000|100%|HC|  |TAMS 0x0000000780d00000, 0x0000000780d00000| Complete 
|  14|0x0000000780e00000, 0x0000000780f00000, 0x0000000780f00000|100%|HC|  |TAMS 0x0000000780e00000, 0x0000000780e00000| Complete 
|  15|0x0000000780f00000, 0x0000000781000000, 0x0000000781000000|100%|HC|  |TAMS 0x0000000780f00000, 0x0000000780f00000| Complete 
|  16|0x0000000781000000, 0x0000000781100000, 0x0000000781100000|100%|HC|  |TAMS 0x0000000781000000, 0x0000000781000000| Complete 
|  17|0x0000000781100000, 0x0000000781200000, 0x0000000781200000|100%|HC|  |TAMS 0x0000000781100000, 0x0000000781100000| Complete 
|  18|0x0000000781200000, 0x0000000781300000, 0x0000000781300000|100%|HC|  |TAMS 0x0000000781200000, 0x0000000781200000| Complete 
|  19|0x0000000781300000, 0x0000000781400000, 0x0000000781400000|100%|HC|  |TAMS 0x0000000781300000, 0x0000000781300000| Complete 
|  20|0x0000000781400000, 0x0000000781500000, 0x0000000781500000|100%|HC|  |TAMS 0x0000000781400000, 0x0000000781400000| Complete 
|  21|0x0000000781500000, 0x0000000781600000, 0x0000000781600000|100%|HC|  |TAMS 0x0000000781500000, 0x0000000781500000| Complete 
|  22|0x0000000781600000, 0x0000000781700000, 0x0000000781700000|100%|HC|  |TAMS 0x0000000781600000, 0x0000000781600000| Complete 
|  23|0x0000000781700000, 0x0000000781800000, 0x0000000781800000|100%|HC|  |TAMS 0x0000000781700000, 0x0000000781700000| Complete 
|  24|0x0000000781800000, 0x0000000781900000, 0x0000000781900000|100%|HC|  |TAMS 0x0000000781800000, 0x0000000781800000| Complete 
|  25|0x0000000781900000, 0x0000000781a00000, 0x0000000781a00000|100%|HC|  |TAMS 0x0000000781900000, 0x0000000781900000| Complete 
|  26|0x0000000781a00000, 0x0000000781b00000, 0x0000000781b00000|100%|HC|  |TAMS 0x0000000781a00000, 0x0000000781a00000| Complete 
|  27|0x0000000781b00000, 0x0000000781c00000, 0x0000000781c00000|100%|HS|  |TAMS 0x0000000781b00000, 0x0000000781b00000| Complete 
|  28|0x0000000781c00000, 0x0000000781d00000, 0x0000000781d00000|100%|HS|  |TAMS 0x0000000781c00000, 0x0000000781c00000| Complete 
|  29|0x0000000781d00000, 0x0000000781e00000, 0x0000000781e00000|100%|HS|  |TAMS 0x0000000781d00000, 0x0000000781d00000| Complete 
|  30|0x0000000781e00000, 0x0000000781f00000, 0x0000000781f00000|100%|HC|  |TAMS 0x0000000781e00000, 0x0000000781e00000| Complete 
|  31|0x0000000781f00000, 0x0000000782000000, 0x0000000782000000|100%|HS|  |TAMS 0x0000000781f00000, 0x0000000781f00000| Complete 
|  32|0x0000000782000000, 0x0000000782100000, 0x0000000782100000|100%|HC|  |TAMS 0x0000000782000000, 0x0000000782000000| Complete 
|  33|0x0000000782100000, 0x0000000782200000, 0x0000000782200000|100%|HC|  |TAMS 0x0000000782100000, 0x0000000782100000| Complete 
|  34|0x0000000782200000, 0x0000000782300000, 0x0000000782300000|100%|HC|  |TAMS 0x0000000782200000, 0x0000000782200000| Complete 
|  35|0x0000000782300000, 0x0000000782400000, 0x0000000782400000|100%|HC|  |TAMS 0x0000000782300000, 0x0000000782300000| Complete 
|  36|0x0000000782400000, 0x0000000782500000, 0x0000000782500000|100%|HC|  |TAMS 0x0000000782400000, 0x0000000782400000| Complete 
|  37|0x0000000782500000, 0x0000000782600000, 0x0000000782600000|100%|HC|  |TAMS 0x0000000782500000, 0x0000000782500000| Complete 
|  38|0x0000000782600000, 0x0000000782700000, 0x0000000782700000|100%|HC|  |TAMS 0x0000000782600000, 0x0000000782600000| Complete 
|  39|0x0000000782700000, 0x0000000782800000, 0x0000000782800000|100%|HC|  |TAMS 0x0000000782700000, 0x0000000782700000| Complete 
|  40|0x0000000782800000, 0x0000000782900000, 0x0000000782900000|100%|HC|  |TAMS 0x0000000782800000, 0x0000000782800000| Complete 
|  41|0x0000000782900000, 0x0000000782a00000, 0x0000000782a00000|100%|HC|  |TAMS 0x0000000782900000, 0x0000000782900000| Complete 
|  42|0x0000000782a00000, 0x0000000782b00000, 0x0000000782b00000|100%|HC|  |TAMS 0x0000000782a00000, 0x0000000782a00000| Complete 
|  43|0x0000000782b00000, 0x0000000782c00000, 0x0000000782c00000|100%|HC|  |TAMS 0x0000000782b00000, 0x0000000782b00000| Complete 
|  44|0x0000000782c00000, 0x0000000782d00000, 0x0000000782d00000|100%|HC|  |TAMS 0x0000000782c00000, 0x0000000782c00000| Complete 
|  45|0x0000000782d00000, 0x0000000782e00000, 0x0000000782e00000|100%|HC|  |TAMS 0x0000000782d00000, 0x0000000782d00000| Complete 
|  46|0x0000000782e00000, 0x0000000782f00000, 0x0000000782f00000|100%|HC|  |TAMS 0x0000000782e00000, 0x0000000782e00000| Complete 
|  47|0x0000000782f00000, 0x0000000783000000, 0x0000000783000000|100%|HC|  |TAMS 0x0000000782f00000, 0x0000000782f00000| Complete 
|  48|0x0000000783000000, 0x0000000783100000, 0x0000000783100000|100%|HC|  |TAMS 0x0000000783000000, 0x0000000783000000| Complete 
|  49|0x0000000783100000, 0x0000000783200000, 0x0000000783200000|100%|HC|  |TAMS 0x0000000783100000, 0x0000000783100000| Complete 
|  50|0x0000000783200000, 0x0000000783300000, 0x0000000783300000|100%|HC|  |TAMS 0x0000000783200000, 0x0000000783200000| Complete 
|  51|0x0000000783300000, 0x0000000783400000, 0x0000000783400000|100%|HS|  |TAMS 0x0000000783300000, 0x0000000783300000| Complete 
|  52|0x0000000783400000, 0x0000000783500000, 0x0000000783500000|100%|HC|  |TAMS 0x0000000783400000, 0x0000000783400000| Complete 
|  53|0x0000000783500000, 0x0000000783500000, 0x0000000783600000|  0%| F|  |TAMS 0x0000000783500000, 0x0000000783500000| Untracked 
|  54|0x0000000783600000, 0x0000000783600000, 0x0000000783700000|  0%| F|  |TAMS 0x0000000783600000, 0x0000000783600000| Untracked 
|  55|0x0000000783700000, 0x0000000783700000, 0x0000000783800000|  0%| F|  |TAMS 0x0000000783700000, 0x0000000783700000| Untracked 
|  56|0x0000000783800000, 0x0000000783800000, 0x0000000783900000|  0%| F|  |TAMS 0x0000000783800000, 0x0000000783800000| Untracked 
|  57|0x0000000783900000, 0x0000000783900000, 0x0000000783a00000|  0%| F|  |TAMS 0x0000000783900000, 0x0000000783900000| Untracked 
|  58|0x0000000783a00000, 0x0000000783a00000, 0x0000000783b00000|  0%| F|  |TAMS 0x0000000783a00000, 0x0000000783a00000| Untracked 
|  59|0x0000000783b00000, 0x0000000783b00000, 0x0000000783c00000|  0%| F|  |TAMS 0x0000000783b00000, 0x0000000783b00000| Untracked 
|  60|0x0000000783c00000, 0x0000000783c00000, 0x0000000783d00000|  0%| F|  |TAMS 0x0000000783c00000, 0x0000000783c00000| Untracked 
|  61|0x0000000783d00000, 0x0000000783d00000, 0x0000000783e00000|  0%| F|  |TAMS 0x0000000783d00000, 0x0000000783d00000| Untracked 
|  62|0x0000000783e00000, 0x0000000783e00000, 0x0000000783f00000|  0%| F|  |TAMS 0x0000000783e00000, 0x0000000783e00000| Untracked 
|  63|0x0000000783f00000, 0x0000000783f00000, 0x0000000784000000|  0%| F|  |TAMS 0x0000000783f00000, 0x0000000783f00000| Untracked 
|  64|0x0000000784000000, 0x0000000784000000, 0x0000000784100000|  0%| F|  |TAMS 0x0000000784000000, 0x0000000784000000| Untracked 
|  65|0x0000000784100000, 0x0000000784100000, 0x0000000784200000|  0%| F|  |TAMS 0x0000000784100000, 0x0000000784100000| Untracked 
|  66|0x0000000784200000, 0x0000000784200000, 0x0000000784300000|  0%| F|  |TAMS 0x0000000784200000, 0x0000000784200000| Untracked 
|  67|0x0000000784300000, 0x0000000784300000, 0x0000000784400000|  0%| F|  |TAMS 0x0000000784300000, 0x0000000784300000| Untracked 
|  68|0x0000000784400000, 0x0000000784400000, 0x0000000784500000|  0%| F|  |TAMS 0x0000000784400000, 0x0000000784400000| Untracked 
|  69|0x0000000784500000, 0x0000000784500000, 0x0000000784600000|  0%| F|  |TAMS 0x0000000784500000, 0x0000000784500000| Untracked 
|  70|0x0000000784600000, 0x0000000784600000, 0x0000000784700000|  0%| F|  |TAMS 0x0000000784600000, 0x0000000784600000| Untracked 
|  71|0x0000000784700000, 0x0000000784700000, 0x0000000784800000|  0%| F|  |TAMS 0x0000000784700000, 0x0000000784700000| Untracked 
|  72|0x0000000784800000, 0x0000000784800000, 0x0000000784900000|  0%| F|  |TAMS 0x0000000784800000, 0x0000000784800000| Untracked 
|  73|0x0000000784900000, 0x0000000784900000, 0x0000000784a00000|  0%| F|  |TAMS 0x0000000784900000, 0x0000000784900000| Untracked 
|  74|0x0000000784a00000, 0x0000000784a00000, 0x0000000784b00000|  0%| F|  |TAMS 0x0000000784a00000, 0x0000000784a00000| Untracked 
|  75|0x0000000784b00000, 0x0000000784b00000, 0x0000000784c00000|  0%| F|  |TAMS 0x0000000784b00000, 0x0000000784b00000| Untracked 
|  76|0x0000000784c00000, 0x0000000784c00000, 0x0000000784d00000|  0%| F|  |TAMS 0x0000000784c00000, 0x0000000784c00000| Untracked 
|  77|0x0000000784d00000, 0x0000000784d00000, 0x0000000784e00000|  0%| F|  |TAMS 0x0000000784d00000, 0x0000000784d00000| Untracked 
|  78|0x0000000784e00000, 0x0000000784e00000, 0x0000000784f00000|  0%| F|  |TAMS 0x0000000784e00000, 0x0000000784e00000| Untracked 
|  79|0x0000000784f00000, 0x0000000784f00000, 0x0000000785000000|  0%| F|  |TAMS 0x0000000784f00000, 0x0000000784f00000| Untracked 
|  80|0x0000000785000000, 0x0000000785000000, 0x0000000785100000|  0%| F|  |TAMS 0x0000000785000000, 0x0000000785000000| Untracked 
|  81|0x0000000785100000, 0x0000000785100000, 0x0000000785200000|  0%| F|  |TAMS 0x0000000785100000, 0x0000000785100000| Untracked 
|  82|0x0000000785200000, 0x0000000785200000, 0x0000000785300000|  0%| F|  |TAMS 0x0000000785200000, 0x0000000785200000| Untracked 
|  83|0x0000000785300000, 0x0000000785300000, 0x0000000785400000|  0%| F|  |TAMS 0x0000000785300000, 0x0000000785300000| Untracked 
|  84|0x0000000785400000, 0x0000000785400000, 0x0000000785500000|  0%| F|  |TAMS 0x0000000785400000, 0x0000000785400000| Untracked 
|  85|0x0000000785500000, 0x0000000785500000, 0x0000000785600000|  0%| F|  |TAMS 0x0000000785500000, 0x0000000785500000| Untracked 
|  86|0x0000000785600000, 0x0000000785600000, 0x0000000785700000|  0%| F|  |TAMS 0x0000000785600000, 0x0000000785600000| Untracked 
|  87|0x0000000785700000, 0x0000000785700000, 0x0000000785800000|  0%| F|  |TAMS 0x0000000785700000, 0x0000000785700000| Untracked 
|  88|0x0000000785800000, 0x0000000785800000, 0x0000000785900000|  0%| F|  |TAMS 0x0000000785800000, 0x0000000785800000| Untracked 
|  89|0x0000000785900000, 0x0000000785900000, 0x0000000785a00000|  0%| F|  |TAMS 0x0000000785900000, 0x0000000785900000| Untracked 
|  90|0x0000000785a00000, 0x0000000785a00000, 0x0000000785b00000|  0%| F|  |TAMS 0x0000000785a00000, 0x0000000785a00000| Untracked 
|  91|0x0000000785b00000, 0x0000000785b00000, 0x0000000785c00000|  0%| F|  |TAMS 0x0000000785b00000, 0x0000000785b00000| Untracked 
|  92|0x0000000785c00000, 0x0000000785c00000, 0x0000000785d00000|  0%| F|  |TAMS 0x0000000785c00000, 0x0000000785c00000| Untracked 
|  93|0x0000000785d00000, 0x0000000785d00000, 0x0000000785e00000|  0%| F|  |TAMS 0x0000000785d00000, 0x0000000785d00000| Untracked 
|  94|0x0000000785e00000, 0x0000000785e00000, 0x0000000785f00000|  0%| F|  |TAMS 0x0000000785e00000, 0x0000000785e00000| Untracked 
|  95|0x0000000785f00000, 0x0000000785f00000, 0x0000000786000000|  0%| F|  |TAMS 0x0000000785f00000, 0x0000000785f00000| Untracked 
|  96|0x0000000786000000, 0x0000000786000000, 0x0000000786100000|  0%| F|  |TAMS 0x0000000786000000, 0x0000000786000000| Untracked 
|  97|0x0000000786100000, 0x0000000786100000, 0x0000000786200000|  0%| F|  |TAMS 0x0000000786100000, 0x0000000786100000| Untracked 
|  98|0x0000000786200000, 0x0000000786200000, 0x0000000786300000|  0%| F|  |TAMS 0x0000000786200000, 0x0000000786200000| Untracked 
|  99|0x0000000786300000, 0x0000000786300000, 0x0000000786400000|  0%| F|  |TAMS 0x0000000786300000, 0x0000000786300000| Untracked 
| 100|0x0000000786400000, 0x0000000786400000, 0x0000000786500000|  0%| F|  |TAMS 0x0000000786400000, 0x0000000786400000| Untracked 
| 101|0x0000000786500000, 0x0000000786500000, 0x0000000786600000|  0%| F|  |TAMS 0x0000000786500000, 0x0000000786500000| Untracked 
| 102|0x0000000786600000, 0x0000000786700000, 0x0000000786700000|100%| S|CS|TAMS 0x0000000786600000, 0x0000000786600000| Complete 
| 103|0x0000000786700000, 0x0000000786800000, 0x0000000786800000|100%| S|CS|TAMS 0x0000000786700000, 0x0000000786700000| Complete 
| 104|0x0000000786800000, 0x0000000786900000, 0x0000000786900000|100%| S|CS|TAMS 0x0000000786800000, 0x0000000786800000| Complete 
| 105|0x0000000786900000, 0x0000000786900000, 0x0000000786a00000|  0%| F|  |TAMS 0x0000000786900000, 0x0000000786900000| Untracked 
| 106|0x0000000786a00000, 0x0000000786a00000, 0x0000000786b00000|  0%| F|  |TAMS 0x0000000786a00000, 0x0000000786a00000| Untracked 
| 107|0x0000000786b00000, 0x0000000786b00000, 0x0000000786c00000|  0%| F|  |TAMS 0x0000000786b00000, 0x0000000786b00000| Untracked 
| 108|0x0000000786c00000, 0x0000000786c00000, 0x0000000786d00000|  0%| F|  |TAMS 0x0000000786c00000, 0x0000000786c00000| Untracked 
| 109|0x0000000786d00000, 0x0000000786d44ce8, 0x0000000786e00000| 26%| E|  |TAMS 0x0000000786d00000, 0x0000000786d00000| Complete 
| 110|0x0000000786e00000, 0x0000000786f00000, 0x0000000786f00000|100%| E|CS|TAMS 0x0000000786e00000, 0x0000000786e00000| Complete 
| 111|0x0000000786f00000, 0x0000000787000000, 0x0000000787000000|100%| E|CS|TAMS 0x0000000786f00000, 0x0000000786f00000| Complete 
| 112|0x0000000787000000, 0x0000000787100000, 0x0000000787100000|100%| E|CS|TAMS 0x0000000787000000, 0x0000000787000000| Complete 
| 113|0x0000000787100000, 0x0000000787200000, 0x0000000787200000|100%| E|CS|TAMS 0x0000000787100000, 0x0000000787100000| Complete 
| 114|0x0000000787200000, 0x0000000787300000, 0x0000000787300000|100%| E|CS|TAMS 0x0000000787200000, 0x0000000787200000| Complete 
| 115|0x0000000787300000, 0x0000000787400000, 0x0000000787400000|100%| E|CS|TAMS 0x0000000787300000, 0x0000000787300000| Complete 
| 116|0x0000000787400000, 0x0000000787500000, 0x0000000787500000|100%| E|CS|TAMS 0x0000000787400000, 0x0000000787400000| Complete 
| 117|0x0000000787500000, 0x0000000787600000, 0x0000000787600000|100%| E|CS|TAMS 0x0000000787500000, 0x0000000787500000| Complete 
| 118|0x0000000787600000, 0x0000000787700000, 0x0000000787700000|100%| E|  |TAMS 0x0000000787600000, 0x0000000787600000| Complete 
| 119|0x0000000787700000, 0x0000000787800000, 0x0000000787800000|100%| E|CS|TAMS 0x0000000787700000, 0x0000000787700000| Complete 
| 120|0x0000000787800000, 0x0000000787900000, 0x0000000787900000|100%| E|CS|TAMS 0x0000000787800000, 0x0000000787800000| Complete 
| 121|0x0000000787900000, 0x0000000787a00000, 0x0000000787a00000|100%| E|CS|TAMS 0x0000000787900000, 0x0000000787900000| Complete 
| 122|0x0000000787a00000, 0x0000000787b00000, 0x0000000787b00000|100%| E|CS|TAMS 0x0000000787a00000, 0x0000000787a00000| Complete 
| 123|0x0000000787b00000, 0x0000000787c00000, 0x0000000787c00000|100%| E|CS|TAMS 0x0000000787b00000, 0x0000000787b00000| Complete 
| 124|0x0000000787c00000, 0x0000000787d00000, 0x0000000787d00000|100%| E|CS|TAMS 0x0000000787c00000, 0x0000000787c00000| Complete 
| 125|0x0000000787d00000, 0x0000000787e00000, 0x0000000787e00000|100%| E|CS|TAMS 0x0000000787d00000, 0x0000000787d00000| Complete 
| 126|0x0000000787e00000, 0x0000000787f00000, 0x0000000787f00000|100%| E|CS|TAMS 0x0000000787e00000, 0x0000000787e00000| Complete 
| 127|0x0000000787f00000, 0x0000000788000000, 0x0000000788000000|100%| E|CS|TAMS 0x0000000787f00000, 0x0000000787f00000| Complete 
|2046|0x00000007ffe00000, 0x00000007ffe77000, 0x00000007fff00000| 46%|OA|  |TAMS 0x00000007ffe00000, 0x00000007ffe00000| Untracked 
|2047|0x00000007fff00000, 0x00000007fff7d000, 0x0000000800000000| 48%|CA|  |TAMS 0x00000007fff00000, 0x00000007fff00000| Untracked 

Card table byte_map: [0x000000010106a000,0x000000010146a000] _byte_map_base: 0x00000000fd46a000

Marking Bits (Prev, Next): (CMBitMap*) 0x00007f7ccd808210, (CMBitMap*) 0x00007f7ccd808250
 Prev Bits: [0x0000000119ad8000, 0x000000011bad8000)
 Next Bits: [0x000000011bad8000, 0x000000011dad8000)

Polling page: 0x0000000100961000

Metaspace:

Usage:
  Non-class:      9.97 MB used.
      Class:      1.52 MB used.
       Both:     11.49 MB used.

Virtual space:
  Non-class space:       64.00 MB reserved,      10.12 MB ( 16%) committed,  1 nodes.
      Class space:        1.00 GB reserved,       1.62 MB ( <1%) committed,  1 nodes.
             Both:        1.06 GB reserved,      11.75 MB (  1%) committed. 

Chunk freelists:
   Non-Class:  1.09 MB
       Class:  2.22 MB
        Both:  3.31 MB

MaxMetaspaceSize: unlimited
CompressedClassSpaceSize: 1.00 GB
Initial GC threshold: 21.00 MB
Current GC threshold: 21.00 MB
CDS: on
MetaspaceReclaimPolicy: balanced
 - commit_granule_bytes: 65536.
 - commit_granule_words: 8192.
 - virtual_space_node_default_size: 8388608.
 - enlarge_chunks_in_place: 1.
 - new_chunks_are_fully_committed: 0.
 - uncommit_free_chunks: 1.
 - use_allocation_guard: 0.


Internal statistics:

num_allocs_failed_limit: 0.
num_arena_births: 238.
num_arena_deaths: 0.
num_vsnodes_births: 2.
num_vsnodes_deaths: 0.
num_space_committed: 188.
num_space_uncommitted: 0.
num_chunks_returned_to_freelist: 0.
num_chunks_taken_from_freelist: 574.
num_chunk_merges: 0.
num_chunk_splits: 420.
num_chunks_enlarged: 337.
num_inconsistent_stats: 0.

CodeHeap 'non-profiled nmethods': size=120028Kb used=596Kb max_used=596Kb free=119431Kb
 bounds [0x00000001125a1000, 0x0000000112811000, 0x0000000119ad8000]
CodeHeap 'profiled nmethods': size=120028Kb used=2993Kb max_used=2993Kb free=117034Kb
 bounds [0x000000010aad8000, 0x000000010adc8000, 0x000000011200f000]
CodeHeap 'non-nmethods': size=5704Kb used=1480Kb max_used=1500Kb free=4223Kb
 bounds [0x000000011200f000, 0x000000011227f000, 0x00000001125a1000]
 total_blobs=2535 nmethods=1771 adapters=676
 compilation: enabled
              stopped_count=0, restarted_count=0
 full_count=0

Compilation events (20 events):
Event: 5.817 Thread 0x00007f7ccf80a400 1762       3       com.sun.javafx.tk.quantum.QuantumToolkit::checkFxUserThread (12 bytes)
Event: 5.818 Thread 0x00007f7ccf80a400 nmethod 1762 0x000000010adbf790 code [0x000000010adbf980, 0x000000010adbfe40]
Event: 5.818 Thread 0x00007f7ccf80a400 1763       3       com.sun.javafx.tk.Toolkit::checkFxUserThread (27 bytes)
Event: 5.818 Thread 0x00007f7ccf80a400 nmethod 1763 0x000000010adc0010 code [0x000000010adc01e0, 0x000000010adc05f0]
Event: 5.818 Thread 0x00007f7ccf80a400 1764       1       com.sun.javafx.css.PseudoClassImpl::getIndex (5 bytes)
Event: 5.818 Thread 0x00007f7ccf80a400 nmethod 1764 0x0000000112636010 code [0x00000001126361a0, 0x0000000112636250]
Event: 5.819 Thread 0x00007f7ccf80a400 1765       3       jdk.internal.org.objectweb.asm.ClassVisitor::<init> (7 bytes)
Event: 5.819 Thread 0x00007f7ccf80a400 nmethod 1765 0x000000010adc0790 code [0x000000010adc0940, 0x000000010adc0a80]
Event: 5.819 Thread 0x00007f7ccf80a400 1766       3       jdk.internal.org.objectweb.asm.ClassVisitor::<init> (78 bytes)
Event: 5.820 Thread 0x00007f7ccf80a400 nmethod 1766 0x000000010adc0b10 code [0x000000010adc0d40, 0x000000010adc1500]
Event: 5.820 Thread 0x00007f7ccf80a400 1767       3       jdk.internal.org.objectweb.asm.SymbolTable::<init> (41 bytes)
Event: 5.820 Thread 0x00007f7ccf80a400 nmethod 1767 0x000000010adc1810 code [0x000000010adc19e0, 0x000000010adc1f70]
Event: 5.820 Thread 0x00007f7ccf80a400 1768       3       java.lang.invoke.MemberName::asSpecial (89 bytes)
Event: 5.821 Thread 0x00007f7ccf80a400 nmethod 1768 0x000000010adc2090 code [0x000000010adc2360, 0x000000010adc3020]
Event: 5.851 Thread 0x00007f7ccf80a400 1769       3       com.sun.javafx.tk.quantum.GlassScene::getAccessControlContext (22 bytes)
Event: 5.851 Thread 0x00007f7ccf80a400 nmethod 1769 0x000000010adc3490 code [0x000000010adc3640, 0x000000010adc3840]
Event: 5.855 Thread 0x00007f7ccf80a400 1770       3       jdk.internal.org.objectweb.asm.ClassWriter::<init> (73 bytes)
Event: 5.855 Thread 0x00007f7ccf80a400 nmethod 1770 0x000000010adc3910 code [0x000000010adc3b00, 0x000000010adc3fa0]
Event: 6.431 Thread 0x00007f7ccf80a400 1771       3       com.sun.javafx.tk.quantum.ViewScene::getWindowStage (8 bytes)
Event: 6.432 Thread 0x00007f7ccf80a400 nmethod 1771 0x000000010adc4110 code [0x000000010adc42c0, 0x000000010adc44d0]

GC Heap History (2 events):
Event: 0.921 GC heap before
{Heap before GC invocations=0 (full 0):
 garbage-first heap   total 133120K, used 23504K [0x0000000780000000, 0x0000000800000000)
  region size 1024K, 23 young (23552K), 0 survivors (0K)
 Metaspace       used 6743K, committed 6912K, reserved 1114112K
  class space    used 839K, committed 896K, reserved 1048576K
}
Event: 0.929 GC heap after
{Heap after GC invocations=1 (full 0):
 garbage-first heap   total 133120K, used 4737K [0x0000000780000000, 0x0000000800000000)
  region size 1024K, 3 young (3072K), 3 survivors (3072K)
 Metaspace       used 6743K, committed 6912K, reserved 1114112K
  class space    used 839K, committed 896K, reserved 1048576K
}

Dll operation events (13 events):
Event: 0.007 Loaded shared library /Users/taliablanco/Library/Java/JavaVirtualMachines/openjdk-19.0.2/Contents/Home/lib/libjava.dylib
Event: 0.037 Loaded shared library /Users/taliablanco/Library/Java/JavaVirtualMachines/openjdk-19.0.2/Contents/Home/lib/libnio.dylib
Event: 0.063 Loaded shared library /Users/taliablanco/Library/Java/JavaVirtualMachines/openjdk-19.0.2/Contents/Home/lib/libzip.dylib
Event: 0.124 Loaded shared library /Users/taliablanco/Library/Java/JavaVirtualMachines/openjdk-19.0.2/Contents/Home/lib/libnet.dylib
Event: 0.169 Loaded shared library /Users/taliablanco/Library/Java/JavaVirtualMachines/openjdk-19.0.2/Contents/Home/lib/libzip.dylib
Event: 0.170 Loaded shared library /Users/taliablanco/Library/Java/JavaVirtualMachines/openjdk-19.0.2/Contents/Home/lib/libinstrument.dylib
Event: 0.295 Loading shared library /Users/taliablanco/.m2/repository/org/openjfx/javafx-graphics/19/libprism_es2.dylib failed, dlopen(/Users/taliablanco/.m2/repository/org/openjfx/javafx-graphics/19/libprism_es2.dylib, 0x0001): tried: '/Users/taliablanco/.m2/reposito
Event: 0.321 Loaded shared library /Users/taliablanco/.openjfx/cache/19+11/x86_64/libprism_es2.dylib
Event: 0.427 Loading shared library /Users/taliablanco/.m2/repository/org/openjfx/javafx-graphics/19/libglass.dylib failed, dlopen(/Users/taliablanco/.m2/repository/org/openjfx/javafx-graphics/19/libglass.dylib, 0x0001): tried: '/Users/taliablanco/.m2/repository/org/o
Event: 0.436 Loaded shared library /Users/taliablanco/.openjfx/cache/19+11/x86_64/libglass.dylib
Event: 0.887 Loaded shared library /Users/taliablanco/Library/Java/JavaVirtualMachines/openjdk-19.0.2/Contents/Home/lib/libjimage.dylib
Event: 0.910 Loading shared library /Users/taliablanco/.m2/repository/org/openjfx/javafx-graphics/19/libjavafx_font.dylib failed, dlopen(/Users/taliablanco/.m2/repository/org/openjfx/javafx-graphics/19/libjavafx_font.dylib, 0x0001): tried: '/Users/taliablanco/.m2/repo
Event: 0.913 Loaded shared library /Users/taliablanco/.openjfx/cache/19+11/x86_64/libjavafx_font.dylib

Deoptimization events (20 events):
Event: 2.606 Thread 0x00007f7ccd858a00 Uncommon trap: trap_request=0xffffffc6 fr.pc=0x00000001125ed198 relative=0x00000000000002d8
Event: 2.606 Thread 0x00007f7ccd858a00 Uncommon trap: reason=bimorphic_or_optimized_type_check action=maybe_recompile pc=0x00000001125ed198 method=java.util.concurrent.ConcurrentHashMap.get(Ljava/lang/Object;)Ljava/lang/Object; @ 149 c2
Event: 2.606 Thread 0x00007f7ccd858a00 DEOPT PACKING pc=0x00000001125ed198 sp=0x00007ff7bf5e8650
Event: 2.606 Thread 0x00007f7ccd858a00 DEOPT UNPACKING pc=0x0000000112075299 sp=0x00007ff7bf5e85f0 mode 2
Event: 3.029 Thread 0x00007f7ccb087c00 Uncommon trap: trap_request=0xffffff45 fr.pc=0x0000000112615104 relative=0x0000000000000584
Event: 3.029 Thread 0x00007f7ccb087c00 Uncommon trap: reason=unstable_if action=reinterpret pc=0x0000000112615104 method=com.sun.marlin.Renderer.addLine(DDDD)V @ 162 c2
Event: 3.030 Thread 0x00007f7ccb087c00 DEOPT PACKING pc=0x0000000112615104 sp=0x0000700003e3a570
Event: 3.030 Thread 0x00007f7ccb087c00 DEOPT UNPACKING pc=0x0000000112075299 sp=0x0000700003e3a470 mode 2
Event: 4.033 Thread 0x00007f7ccb087c00 DEOPT PACKING pc=0x000000010ad0b7b7 sp=0x0000700003e3a610
Event: 4.033 Thread 0x00007f7ccb087c00 DEOPT UNPACKING pc=0x0000000112075a2f sp=0x0000700003e39ae0 mode 0
Event: 4.035 Thread 0x00007f7ccb087c00 DEOPT PACKING pc=0x000000010ad0b7b7 sp=0x0000700003e3a610
Event: 4.035 Thread 0x00007f7ccb087c00 DEOPT UNPACKING pc=0x0000000112075a2f sp=0x0000700003e39ae0 mode 0
Event: 4.037 Thread 0x00007f7ccb087c00 DEOPT PACKING pc=0x000000010ad0b7b7 sp=0x0000700003e3a610
Event: 4.037 Thread 0x00007f7ccb087c00 DEOPT UNPACKING pc=0x0000000112075a2f sp=0x0000700003e39ae0 mode 0
Event: 4.038 Thread 0x00007f7ccb087c00 DEOPT PACKING pc=0x000000010ad0b7b7 sp=0x0000700003e3a610
Event: 4.038 Thread 0x00007f7ccb087c00 DEOPT UNPACKING pc=0x0000000112075a2f sp=0x0000700003e39ae0 mode 0
Event: 5.854 Thread 0x00007f7ccd858a00 Uncommon trap: trap_request=0xffffff45 fr.pc=0x00000001125fbc88 relative=0x0000000000000168
Event: 5.854 Thread 0x00007f7ccd858a00 Uncommon trap: reason=unstable_if action=reinterpret pc=0x00000001125fbc88 method=java.util.concurrent.locks.ReentrantLock$NonfairSync.initialTryLock()Z @ 10 c2
Event: 5.854 Thread 0x00007f7ccd858a00 DEOPT PACKING pc=0x00000001125fbc88 sp=0x00007ff7bf5e8320
Event: 5.854 Thread 0x00007f7ccd858a00 DEOPT UNPACKING pc=0x0000000112075299 sp=0x00007ff7bf5e82c8 mode 2

Classes loaded (20 events):
Event: 2.595 Loading class java/lang/foreign/MemorySession done
Event: 2.596 Loading class jdk/internal/foreign/MemorySessionImpl done
Event: 2.596 Loading class jdk/internal/icu/text/UTF16
Event: 2.596 Loading class jdk/internal/icu/text/UTF16 done
Event: 2.596 Loading class jdk/internal/icu/text/BidiLine
Event: 2.596 Loading class jdk/internal/icu/text/BidiLine done
Event: 2.597 Loading class sun/invoke/util/ValueConversions$1
Event: 2.597 Loading class sun/invoke/util/ValueConversions$1 done
Event: 2.597 Loading class java/lang/invoke/BoundMethodHandle$Species_LI
Event: 2.598 Loading class java/lang/invoke/BoundMethodHandle$Species_LI done
Event: 2.618 Loading class java/util/concurrent/ConcurrentLinkedQueue
Event: 2.618 Loading class java/util/concurrent/ConcurrentLinkedQueue done
Event: 2.618 Loading class java/util/concurrent/ConcurrentLinkedQueue$Node
Event: 2.618 Loading class java/util/concurrent/ConcurrentLinkedQueue$Node done
Event: 2.652 Loading class jdk/internal/ref/CleanerImpl$InnocuousThreadFactory
Event: 2.652 Loading class jdk/internal/ref/CleanerImpl$InnocuousThreadFactory done
Event: 2.657 Loading class sun/misc/Unsafe
Event: 2.657 Loading class sun/misc/Unsafe done
Event: 2.657 Loading class java/lang/invoke/DirectMethodHandle$StaticAccessor
Event: 2.657 Loading class java/lang/invoke/DirectMethodHandle$StaticAccessor done

Classes unloaded (0 events):
No events

Classes redefined (0 events):
No events

Internal exceptions (20 events):
Event: 1.109 Thread 0x00007f7ccd858a00 Exception <a 'java/io/FileNotFoundException'{0x0000000787b536e0}> (0x0000000787b536e0) 
thrown [open/src/hotspot/share/prims/jni.cpp, line 517]
Event: 1.217 Thread 0x00007f7ccd858a00 Exception <a 'java/io/FileNotFoundException'{0x0000000787b60360}> (0x0000000787b60360) 
thrown [open/src/hotspot/share/prims/jni.cpp, line 517]
Event: 1.225 Thread 0x00007f7ccd858a00 Exception <a 'java/io/FileNotFoundException'{0x0000000787b690c0}> (0x0000000787b690c0) 
thrown [open/src/hotspot/share/prims/jni.cpp, line 517]
Event: 1.233 Thread 0x00007f7ccd858a00 Exception <a 'java/io/FileNotFoundException'{0x0000000787b72658}> (0x0000000787b72658) 
thrown [open/src/hotspot/share/prims/jni.cpp, line 517]
Event: 1.322 Thread 0x00007f7ccd858a00 Exception <a 'java/io/FileNotFoundException'{0x000000078785e668}> (0x000000078785e668) 
thrown [open/src/hotspot/share/prims/jni.cpp, line 517]
Event: 1.353 Thread 0x00007f7ccd858a00 Implicit null exception at 0x00000001125ed6e0 to 0x00000001125ed772
Event: 1.355 Thread 0x00007f7ccd858a00 Exception <a 'java/io/FileNotFoundException'{0x00000007877e99c8}> (0x00000007877e99c8) 
thrown [open/src/hotspot/share/prims/jni.cpp, line 517]
Event: 1.472 Thread 0x00007f7ccd858a00 Exception <a 'java/lang/NoSuchMethodError'{0x000000078760df60}: 'java.lang.Object java.lang.invoke.DirectMethodHandle$Holder.newInvokeSpecial(java.lang.Object, java.lang.Object, int)'> (0x000000078760df60) 
thrown [open/src/hotspot/share/interpreter/linkResolver.cpp, line 774]
Event: 1.540 Thread 0x00007f7ccb087c00 Exception <a 'java/lang/NoSuchMethodError'{0x00000007876ee538}: 'int java.lang.invoke.DirectMethodHandle$Holder.invokeStaticInit(java.lang.Object, java.lang.Object)'> (0x00000007876ee538) 
thrown [open/src/hotspot/share/interpreter/linkResolver.cpp, line 774]
Event: 2.596 Thread 0x00007f7ccd858a00 Exception <a 'java/lang/NoSuchMethodError'{0x0000000787286760}: 'int java.lang.invoke.DirectMethodHandle$Holder.invokeSpecial(java.lang.Object, java.lang.Object, int)'> (0x0000000787286760) 
thrown [open/src/hotspot/share/interpreter/linkResolver.cpp, line 774]
Event: 2.597 Thread 0x00007f7ccd858a00 Exception <a 'java/lang/NoSuchMethodError'{0x00000007872c42e8}: 'int java.lang.invoke.DirectMethodHandle$Holder.invokeSpecial(java.lang.Object, java.lang.Object, java.lang.Object, int)'> (0x00000007872c42e8) 
thrown [open/src/hotspot/share/interpreter/linkResolver.cpp, line 774]
Event: 2.599 Thread 0x00007f7ccd858a00 Exception <a 'java/lang/NoSuchMethodError'{0x00000007872d6b78}: 'java.lang.Object java.lang.invoke.DirectMethodHandle$Holder.invokeStatic(java.lang.Object, java.lang.Object, java.lang.Object, java.lang.Object, int)'> (0x00000007872d6b78) 
thrown [open/src/hotspot/share/interpreter/linkResolver.cpp, line 774]
Event: 2.600 Thread 0x00007f7ccd858a00 Exception <a 'java/lang/NoSuchMethodError'{0x00000007872df708}: 'int java.lang.invoke.DirectMethodHandle$Holder.invokeSpecial(java.lang.Object, java.lang.Object, java.lang.Object)'> (0x00000007872df708) 
thrown [open/src/hotspot/share/interpreter/linkResolver.cpp, line 774]
Event: 2.619 Thread 0x00007f7ccd858a00 Exception <a 'java/lang/NoSuchMethodError'{0x000000078716dc20}: 'long java.lang.invoke.DirectMethodHandle$Holder.invokeStatic(java.lang.Object, java.lang.Object, java.lang.Object)'> (0x000000078716dc20) 
thrown [open/src/hotspot/share/interpreter/linkResolver.cpp, line 774]
Event: 2.619 Thread 0x00007f7ccd858a00 Exception <a 'java/lang/NoSuchMethodError'{0x0000000787171298}: 'long java.lang.invoke.DirectMethodHandle$Holder.invokeStaticInit(java.lang.Object, java.lang.Object, java.lang.Object)'> (0x0000000787171298) 
thrown [open/src/hotspot/share/interpreter/linkResolver.cpp, line 774]
Event: 2.621 Thread 0x00007f7ccd858a00 Exception <a 'java/lang/NoSuchMethodError'{0x0000000787189738}: 'java.lang.Object java.lang.invoke.DirectMethodHandle$Holder.newInvokeSpecial(java.lang.Object, java.lang.Object, long)'> (0x0000000787189738) 
thrown [open/src/hotspot/share/interpreter/linkResolver.cpp, line 774]
Event: 2.621 Thread 0x00007f7ccd858a00 Exception <a 'java/lang/NoSuchMethodError'{0x00000007871c0738}: 'java.lang.Object java.lang.invoke.Invokers$Holder.linkToTargetMethod(java.lang.Object, long, java.lang.Object)'> (0x00000007871c0738) 
thrown [open/src/hotspot/share/interpreter/linkResolver.cpp, line 774]
Event: 2.911 Thread 0x00007f7ccd858a00 Exception <a 'java/lang/NoSuchMethodError'{0x0000000786e29ea0}: 'java.lang.Object java.lang.invoke.DirectMethodHandle$Holder.newInvokeSpecial(java.lang.Object, java.lang.Object, int, int, int, int, int, java.lang.Object)'> (0x0000000786e29ea0) 
thrown [open/src/hotspot/share/interpreter/linkResolver.cpp, line 774]
Event: 2.912 Thread 0x00007f7ccd858a00 Exception <a 'java/lang/NoSuchMethodError'{0x0000000786e3ce88}: 'java.lang.Object java.lang.invoke.DirectMethodHandle$Holder.newInvokeSpecial(java.lang.Object, java.lang.Object, java.lang.Object, int, int, int, int, int)'> (0x0000000786e3ce88) 
thrown [open/src/hotspot/share/interpreter/linkResolver.cpp, line 774]
Event: 2.912 Thread 0x00007f7ccd858a00 Exception <a 'java/lang/NoSuchMethodError'{0x0000000786e446f8}: 'java.lang.Object java.lang.invoke.Invokers$Holder.linkToTargetMethod(java.lang.Object, java.lang.Object, int, int, int, int, int, java.lang.Object)'> (0x0000000786e446f8) 
thrown [open/src/hotspot/share/interpreter/linkResolver.cpp, line 774]

VM Operations (18 events):
Event: 0.155 Executing VM operation: HandshakeAllThreads
Event: 0.155 Executing VM operation: HandshakeAllThreads done
Event: 0.194 Executing VM operation: HandshakeAllThreads
Event: 0.194 Executing VM operation: HandshakeAllThreads done
Event: 0.920 Executing VM operation: G1CollectForAllocation
Event: 0.929 Executing VM operation: G1CollectForAllocation done
Event: 1.590 Executing VM operation: HandshakeAllThreads
Event: 1.590 Executing VM operation: HandshakeAllThreads done
Event: 2.550 Executing VM operation: HandshakeAllThreads
Event: 2.550 Executing VM operation: HandshakeAllThreads done
Event: 2.550 Executing VM operation: Cleanup
Event: 2.550 Executing VM operation: Cleanup done
Event: 3.552 Executing VM operation: Cleanup
Event: 3.552 Executing VM operation: Cleanup done
Event: 4.555 Executing VM operation: Cleanup
Event: 4.555 Executing VM operation: Cleanup done
Event: 5.559 Executing VM operation: Cleanup
Event: 5.559 Executing VM operation: Cleanup done

Events (20 events):
Event: 2.585 Thread 0x00007f7ccb170200 Thread added: 0x00007f7ccb170200
Event: 2.653 Thread 0x00007f7ccc942200 Thread added: 0x00007f7ccc942200
Event: 2.653 Protecting memory [0x00007000049ec000,0x00007000049f0000] with protection modes 0
Event: 6.444 Protecting memory [0x0000700003d3c000,0x0000700003d40000] with protection modes 3
Event: 6.444 Thread 0x00007f7ccb087c00 Thread exited: 0x00007f7ccb087c00
Event: 6.444 Protecting memory [0x000070000414b000,0x000070000414f000] with protection modes 3
Event: 6.444 Thread 0x00007f7ccf81aa00 Thread exited: 0x00007f7ccf81aa00
Event: 6.444 Protecting memory [0x00007000028fd000,0x0000700002901000] with protection modes 3
Event: 6.444 Protecting memory [0x00007ff7bedf0000,0x00007ff7bedf4000] with protection modes 3
Event: 6.444 Thread 0x00007f7cca009200 Thread exited: 0x00007f7cca009200
Event: 6.444 Thread 0x00007f7ccd858a00 Thread exited: 0x00007f7ccd858a00
Event: 6.444 Protecting memory [0x00007000028fd000,0x0000700002901000] with protection modes 0
Event: 6.444 Thread 0x00007f7cca009200 Thread added: 0x00007f7cca009200
Event: 6.445 Thread 0x00007f7cca084800 Thread added: 0x00007f7cca084800
Event: 6.445 Protecting memory [0x0000700003d3c000,0x0000700003d40000] with protection modes 0
Event: 6.445 Protecting memory [0x0000700003d3c000,0x0000700003d40000] with protection modes 3
Event: 6.445 Thread 0x00007f7cca084800 Thread exited: 0x00007f7cca084800
Event: 6.445 Protecting memory [0x00007000028fd000,0x0000700002901000] with protection modes 3
Event: 6.445 Thread 0x00007f7cca009200 Thread exited: 0x00007f7cca009200
Event: 6.445 Protecting memory [0x000070000331e000,0x0000700003322000] with protection modes 3


Dynamic libraries:
0x00000001009b9000 	/Users/taliablanco/Library/Java/JavaVirtualMachines/openjdk-19.0.2/Contents/Home/lib/libjli.dylib
0x00007ff8233de000 	/usr/lib/libz.1.dylib
0x00007ff8234c2000 	/usr/lib/libSystem.B.dylib
0x00007ff8234bd000 	/usr/lib/system/libcache.dylib
0x00007ff823478000 	/usr/lib/system/libcommonCrypto.dylib
0x00007ff8234a1000 	/usr/lib/system/libcompiler_rt.dylib
0x00007ff823497000 	/usr/lib/system/libcopyfile.dylib
0x00007ff8175c0000 	/usr/lib/system/libcorecrypto.dylib
0x00007ff817684000 	/usr/lib/system/libdispatch.dylib
0x00007ff81780c000 	/usr/lib/system/libdyld.dylib
0x00007ff8234b3000 	/usr/lib/system/libkeymgr.dylib
0x00007ff823457000 	/usr/lib/system/libmacho.dylib
0x00007ff822a2b000 	/usr/lib/system/libquarantine.dylib
0x00007ff8234b1000 	/usr/lib/system/libremovefile.dylib
0x00007ff81c4d1000 	/usr/lib/system/libsystem_asl.dylib
0x00007ff817562000 	/usr/lib/system/libsystem_blocks.dylib
0x00007ff8176ce000 	/usr/lib/system/libsystem_c.dylib
0x00007ff8234a9000 	/usr/lib/system/libsystem_collections.dylib
0x00007ff821cba000 	/usr/lib/system/libsystem_configuration.dylib
0x00007ff820d32000 	/usr/lib/system/libsystem_containermanager.dylib
0x00007ff823116000 	/usr/lib/system/libsystem_coreservices.dylib
0x00007ff81a54e000 	/usr/lib/system/libsystem_darwin.dylib
0x00007ff8234b4000 	/usr/lib/system/libsystem_dnssd.dylib
0x00007ff8176cb000 	/usr/lib/system/libsystem_featureflags.dylib
0x00007ff817837000 	/usr/lib/system/libsystem_info.dylib
0x00007ff8233f1000 	/usr/lib/system/libsystem_m.dylib
0x00007ff817657000 	/usr/lib/system/libsystem_malloc.dylib
0x00007ff81c460000 	/usr/lib/system/libsystem_networkextension.dylib
0x00007ff81a993000 	/usr/lib/system/libsystem_notify.dylib
0x00007ff821cbe000 	/usr/lib/system/libsystem_sandbox.dylib
0x00007ff8234ae000 	/usr/lib/system/libsystem_secinit.dylib
0x00007ff8177c6000 	/usr/lib/system/libsystem_kernel.dylib
0x00007ff81782d000 	/usr/lib/system/libsystem_platform.dylib
0x00007ff817800000 	/usr/lib/system/libsystem_pthread.dylib
0x00007ff81de29000 	/usr/lib/system/libsystem_symptoms.dylib
0x00007ff8175a6000 	/usr/lib/system/libsystem_trace.dylib
0x00007ff823484000 	/usr/lib/system/libunwind.dylib
0x00007ff817566000 	/usr/lib/system/libxpc.dylib
0x00007ff8177b0000 	/usr/lib/libc++abi.dylib
0x00007ff817491000 	/usr/lib/libobjc.A.dylib
0x00007ff82348f000 	/usr/lib/liboah.dylib
0x00007ff817757000 	/usr/lib/libc++.1.dylib
0x00007ff82f892000 	/System/Library/Frameworks/Cocoa.framework/Versions/A/Cocoa
0x00007ff81a9f2000 	/System/Library/Frameworks/AppKit.framework/Versions/C/AppKit
0x00007ff81d5af000 	/System/Library/Frameworks/CoreData.framework/Versions/A/CoreData
0x00007ff8186dd000 	/System/Library/Frameworks/Foundation.framework/Versions/C/Foundation
0x00007ff81b9fb000 	/System/Library/PrivateFrameworks/UIFoundation.framework/Versions/A/UIFoundation
0x00007ffb199d5000 	/System/Library/PrivateFrameworks/CollectionViewCore.framework/Versions/A/CollectionViewCore
0x00007ff829850000 	/System/Library/PrivateFrameworks/RemoteViewServices.framework/Versions/A/RemoteViewServices
0x00007ff82150a000 	/System/Library/PrivateFrameworks/XCTTargetBootstrap.framework/Versions/A/XCTTargetBootstrap
0x00007ff825333000 	/System/Library/PrivateFrameworks/InternationalSupport.framework/Versions/A/InternationalSupport
0x00007ff8253bc000 	/System/Library/PrivateFrameworks/UserActivity.framework/Versions/A/UserActivity
0x00007ffb2fca7000 	/System/Library/PrivateFrameworks/WindowManagement.framework/Versions/A/WindowManagement
0x00007ff8183c7000 	/System/Library/Frameworks/SystemConfiguration.framework/Versions/A/SystemConfiguration
0x00007ff82472b000 	/usr/lib/libspindump.dylib
0x00007ff81bbc9000 	/System/Library/Frameworks/UniformTypeIdentifiers.framework/Versions/A/UniformTypeIdentifiers
0x00007ff81f9ea000 	/usr/lib/libapp_launch_measurement.dylib
0x00007ff81eb70000 	/System/Library/PrivateFrameworks/CoreAnalytics.framework/Versions/A/CoreAnalytics
0x00007ff81f9ed000 	/System/Library/PrivateFrameworks/CoreAutoLayout.framework/Versions/A/CoreAutoLayout
0x00007ff820d7e000 	/System/Library/Frameworks/Metal.framework/Versions/A/Metal
0x00007ff821cc9000 	/usr/lib/liblangid.dylib
0x00007ff82150f000 	/System/Library/PrivateFrameworks/CoreSVG.framework/Versions/A/CoreSVG
0x00007ff81c503000 	/System/Library/PrivateFrameworks/SkyLight.framework/Versions/A/SkyLight
0x00007ff81c8ed000 	/System/Library/Frameworks/CoreGraphics.framework/Versions/A/CoreGraphics
0x00007ff829f22000 	/System/Library/Frameworks/Accelerate.framework/Versions/A/Accelerate
0x00007ff8241a0000 	/System/Library/PrivateFrameworks/IconServices.framework/Versions/A/IconServices
0x00007ff820d61000 	/System/Library/Frameworks/IOSurface.framework/Versions/A/IOSurface
0x00007ff81eb9a000 	/usr/lib/libDiagnosticMessagesClient.dylib
0x00007ff82d4a4000 	/System/Library/Frameworks/ApplicationServices.framework/Versions/A/ApplicationServices
0x00007ff8214f6000 	/System/Library/PrivateFrameworks/DFRFoundation.framework/Versions/A/DFRFoundation
0x00007ff81a2ba000 	/usr/lib/libicucore.A.dylib
0x00007ff8261d6000 	/System/Library/Frameworks/AudioToolbox.framework/Versions/A/AudioToolbox
0x00007ff82533e000 	/System/Library/PrivateFrameworks/DataDetectorsCore.framework/Versions/A/DataDetectorsCore
0x00007ff91c9ac000 	/System/Library/PrivateFrameworks/TextInput.framework/Versions/A/TextInput
0x00007ff81c478000 	/usr/lib/libMobileGestalt.dylib
0x00007ff8211fe000 	/System/Library/Frameworks/Carbon.framework/Versions/A/Frameworks/HIToolbox.framework/Versions/A/HIToolbox
0x00007ff81f38b000 	/System/Library/Frameworks/QuartzCore.framework/Versions/A/QuartzCore
0x00007ff819f38000 	/System/Library/Frameworks/Security.framework/Versions/A/Security
0x00007ff829888000 	/System/Library/Frameworks/Carbon.framework/Versions/A/Frameworks/SpeechRecognition.framework/Versions/A/SpeechRecognition
0x00007ff81f72a000 	/System/Library/PrivateFrameworks/CoreUI.framework/Versions/A/CoreUI
0x00007ff819819000 	/System/Library/Frameworks/CoreAudio.framework/Versions/A/CoreAudio
0x00007ff81ec74000 	/System/Library/Frameworks/DiskArbitration.framework/Versions/A/DiskArbitration
0x00007ff824b4d000 	/System/Library/PrivateFrameworks/MultitouchSupport.framework/Versions/A/MultitouchSupport
0x00007ff81c477000 	/usr/lib/libenergytrace.dylib
0x00007ff81a8d4000 	/System/Library/Frameworks/IOKit.framework/Versions/A/IOKit
0x00007ff829c81000 	/System/Library/Frameworks/CoreServices.framework/Versions/A/CoreServices
0x00007ff81f982000 	/System/Library/PrivateFrameworks/PerformanceAnalysis.framework/Versions/A/PerformanceAnalysis
0x00007ffa2cf10000 	/System/Library/Frameworks/OpenGL.framework/Versions/A/OpenGL
0x00007ff81fa35000 	/usr/lib/libxml2.2.dylib
0x00007ff82293e000 	/System/Library/PrivateFrameworks/MobileKeyBag.framework/Versions/A/MobileKeyBag
0x00007ff81d011000 	/System/Library/Frameworks/ColorSync.framework/Versions/A/ColorSync
0x00007ff817862000 	/System/Library/Frameworks/CoreFoundation.framework/Versions/A/CoreFoundation
0x00007ff8218a6000 	/System/Library/Frameworks/CoreImage.framework/Versions/A/CoreImage
0x00007ff81962a000 	/System/Library/Frameworks/CoreText.framework/Versions/A/CoreText
0x00007ff821547000 	/System/Library/Frameworks/ImageIO.framework/Versions/A/ImageIO
0x00007ff8234c8000 	/System/Library/PrivateFrameworks/SoftLinking.framework/Versions/A/SoftLinking
0x00007ff82374a000 	/usr/lib/libcompression.dylib
0x00007ff825265000 	/System/Library/PrivateFrameworks/TextureIO.framework/Versions/A/TextureIO
0x00007ff823e69000 	/usr/lib/libate.dylib
0x00007ff823c16000 	/usr/lib/liblzma.5.dylib
0x00007ff8234c4000 	/usr/lib/libfakelink.dylib
0x00007ff81c0ba000 	/System/Library/Frameworks/CFNetwork.framework/Versions/A/CFNetwork
0x00007ff823601000 	/usr/lib/libarchive.2.dylib
0x00007ff827b29000 	/System/Library/Frameworks/Combine.framework/Versions/A/Combine
0x00007ff825c4e000 	/usr/lib/swift/libswiftCore.dylib
0x00007ff9199f1000 	/usr/lib/swift/libswiftCoreFoundation.dylib
0x00007ff9179aa000 	/usr/lib/swift/libswiftDarwin.dylib
0x00007ff82b4a3000 	/usr/lib/swift/libswiftDispatch.dylib
0x00007ff919a0d000 	/usr/lib/swift/libswiftIOKit.dylib
0x00007ff82d8dd000 	/usr/lib/swift/libswiftObjectiveC.dylib
0x00007ff919a02000 	/usr/lib/swift/libswiftXPC.dylib
0x00007ffb36581000 	/usr/lib/swift/libswift_Concurrency.dylib
0x00007ffb366c0000 	/usr/lib/swift/libswift_StringProcessing.dylib
0x00007ff82d8e1000 	/usr/lib/swift/libswiftos.dylib
0x00007ff81a855000 	/System/Library/PrivateFrameworks/CoreServicesInternal.framework/Versions/A/CoreServicesInternal
0x00007ff822a52000 	/usr/lib/libbsm.0.dylib
0x00007ff82345c000 	/usr/lib/system/libkxld.dylib
0x00007ff81f9b6000 	/System/Library/Frameworks/CoreServices.framework/Versions/A/Frameworks/FSEvents.framework/Versions/A/FSEvents
0x00007ff81a559000 	/System/Library/Frameworks/CoreServices.framework/Versions/A/Frameworks/CarbonCore.framework/Versions/A/CarbonCore
0x00007ff81ebdd000 	/System/Library/Frameworks/CoreServices.framework/Versions/A/Frameworks/Metadata.framework/Versions/A/Metadata
0x00007ff82311c000 	/System/Library/Frameworks/CoreServices.framework/Versions/A/Frameworks/OSServices.framework/Versions/A/OSServices
0x00007ff823689000 	/System/Library/Frameworks/CoreServices.framework/Versions/A/Frameworks/SearchKit.framework/Versions/A/SearchKit
0x00007ff81ddb0000 	/System/Library/Frameworks/CoreServices.framework/Versions/A/Frameworks/AE.framework/Versions/A/AE
0x00007ff817cfc000 	/System/Library/Frameworks/CoreServices.framework/Versions/A/Frameworks/LaunchServices.framework/Versions/A/LaunchServices
0x00007ff823bc7000 	/System/Library/Frameworks/CoreServices.framework/Versions/A/Frameworks/DictionaryServices.framework/Versions/A/DictionaryServices
0x00007ff81f9c3000 	/System/Library/Frameworks/CoreServices.framework/Versions/A/Frameworks/SharedFileList.framework/Versions/A/SharedFileList
0x00007ff823715000 	/usr/lib/libapple_nghttp2.dylib
0x00007ff81c0b6000 	/usr/lib/libnetwork.dylib
0x00007ff81da28000 	/usr/lib/libsqlite3.dylib
0x00007ff81de31000 	/System/Library/Frameworks/Network.framework/Versions/A/Network
0x00007ffb3556b000 	/usr/lib/libCoreEntitlements.dylib
0x00007ffb22ea6000 	/System/Library/PrivateFrameworks/MessageSecurity.framework/Versions/A/MessageSecurity
0x00007ff81da0f000 	/System/Library/PrivateFrameworks/ProtocolBuffer.framework/Versions/A/ProtocolBuffer
0x00007ff8230f5000 	/System/Library/PrivateFrameworks/AppleFSCompression.framework/Versions/A/AppleFSCompression
0x00007ff822a3a000 	/usr/lib/libcoretls.dylib
0x00007ff823c30000 	/usr/lib/libcoretls_cfhelpers.dylib
0x00007ff823744000 	/usr/lib/libpam.2.dylib
0x00007ff823c9e000 	/usr/lib/libxar.1.dylib
0x00007ff82417c000 	/usr/lib/libheimdal-asn1.dylib
0x00007ff8234c9000 	/usr/lib/libpcap.A.dylib
0x00007ff81de20000 	/usr/lib/libdns_services.dylib
0x00007ff821cc5000 	/System/Library/PrivateFrameworks/AppleSystemInfo.framework/Versions/A/AppleSystemInfo
0x00007ff822747000 	/System/Library/PrivateFrameworks/IOMobileFramebuffer.framework/Versions/A/IOMobileFramebuffer
0x00007ff823106000 	/usr/lib/libbz2.1.0.dylib
0x00007ff822a2e000 	/usr/lib/libCheckFix.dylib
0x00007ff81c4e8000 	/System/Library/PrivateFrameworks/TCC.framework/Versions/A/TCC
0x00007ff821ccb000 	/System/Library/PrivateFrameworks/CoreNLP.framework/Versions/A/CoreNLP
0x00007ff81eb9c000 	/System/Library/PrivateFrameworks/MetadataUtilities.framework/Versions/A/MetadataUtilities
0x00007ff822a62000 	/usr/lib/libmecab.dylib
0x00007ff818446000 	/usr/lib/libCRFSuite.dylib
0x00007ff822abc000 	/usr/lib/libgermantok.dylib
0x00007ff8236f0000 	/usr/lib/libThaiTokenizer.dylib
0x00007ff81ec7c000 	/System/Library/Frameworks/Accelerate.framework/Versions/A/Frameworks/vImage.framework/Versions/A/vImage
0x00007ff829c54000 	/System/Library/Frameworks/Accelerate.framework/Versions/A/Frameworks/vecLib.framework/Versions/A/vecLib
0x00007ff823ce0000 	/System/Library/Frameworks/Accelerate.framework/Versions/A/Frameworks/vecLib.framework/Versions/A/libvMisc.dylib
0x00007ff82256c000 	/System/Library/Frameworks/Accelerate.framework/Versions/A/Frameworks/vecLib.framework/Versions/A/libvDSP.dylib
0x00007ff8180b8000 	/System/Library/Frameworks/Accelerate.framework/Versions/A/Frameworks/vecLib.framework/Versions/A/libBLAS.dylib
0x00007ff823828000 	/System/Library/Frameworks/Accelerate.framework/Versions/A/Frameworks/vecLib.framework/Versions/A/libLAPACK.dylib
0x00007ff822abf000 	/System/Library/Frameworks/Accelerate.framework/Versions/A/Frameworks/vecLib.framework/Versions/A/libLinearAlgebra.dylib
0x00007ff82372d000 	/System/Library/Frameworks/Accelerate.framework/Versions/A/Frameworks/vecLib.framework/Versions/A/libSparseBLAS.dylib
0x00007ff823822000 	/System/Library/Frameworks/Accelerate.framework/Versions/A/Frameworks/vecLib.framework/Versions/A/libQuadrature.dylib
0x00007ff821db7000 	/System/Library/Frameworks/Accelerate.framework/Versions/A/Frameworks/vecLib.framework/Versions/A/libBNNS.dylib
0x00007ff818350000 	/System/Library/Frameworks/Accelerate.framework/Versions/A/Frameworks/vecLib.framework/Versions/A/libSparse.dylib
0x00007ffb221a5000 	/System/Library/PrivateFrameworks/MIL.framework/Versions/A/MIL
0x00007ff8234fe000 	/usr/lib/libiconv.2.dylib
0x00007ff823456000 	/usr/lib/libcharset.1.dylib
0x00007ff81f99a000 	/System/Library/Frameworks/OpenDirectory.framework/Versions/A/Frameworks/CFOpenDirectory.framework/Versions/A/CFOpenDirectory
0x00007ff81f98e000 	/System/Library/Frameworks/OpenDirectory.framework/Versions/A/OpenDirectory
0x00007ff823c32000 	/System/Library/PrivateFrameworks/APFS.framework/Versions/A/APFS
0x00007ff822971000 	/System/Library/Frameworks/SecurityFoundation.framework/Versions/A/SecurityFoundation
0x00007ff823cac000 	/usr/lib/libutil.dylib
0x00007ffb21336000 	/System/Library/PrivateFrameworks/InstalledContentLibrary.framework/Versions/A/InstalledContentLibrary
0x00007ff81a898000 	/System/Library/PrivateFrameworks/CoreServicesStore.framework/Versions/A/CoreServicesStore
0x00007ffb18578000 	/System/Library/PrivateFrameworks/AppleMobileFileIntegrity.framework/Versions/A/AppleMobileFileIntegrity
0x00007ff9199d1000 	/usr/lib/libmis.dylib
0x00007ff928005000 	/System/Library/PrivateFrameworks/MobileSystemServices.framework/Versions/A/MobileSystemServices
0x00007ffa22233000 	/System/Library/PrivateFrameworks/ConfigProfileHelper.framework/Versions/A/ConfigProfileHelper
0x00007ff8236f2000 	/System/Library/PrivateFrameworks/AppleSauce.framework/Versions/A/AppleSauce
0x00007ff8190ef000 	/System/Library/PrivateFrameworks/LanguageModeling.framework/Versions/A/LanguageModeling
0x00007ff823cb0000 	/usr/lib/libxslt.1.dylib
0x00007ff8235f0000 	/usr/lib/libcmph.dylib
0x00007ff822735000 	/System/Library/PrivateFrameworks/CoreEmoji.framework/Versions/A/CoreEmoji
0x00007ff821db1000 	/System/Library/PrivateFrameworks/LinguisticData.framework/Versions/A/LinguisticData
0x00007ff818306000 	/System/Library/PrivateFrameworks/Lexicon.framework/Versions/A/Lexicon
0x00007ff8229ff000 	/System/Library/PrivateFrameworks/BackgroundTaskManagement.framework/Versions/A/BackgroundTaskManagement
0x00007ffb356a5000 	/usr/lib/libTLE.dylib
0x00007ffb36605000 	/usr/lib/swift/libswift_RegexParser.dylib
0x00007ff824a13000 	/System/Library/PrivateFrameworks/AppleJPEG.framework/Versions/A/AppleJPEG
0x00007ff824161000 	/usr/lib/libexpat.1.dylib
0x00007ff8250c1000 	/System/Library/Frameworks/ImageIO.framework/Versions/A/Resources/libPng.dylib
0x00007ff8250ee000 	/System/Library/Frameworks/ImageIO.framework/Versions/A/Resources/libTIFF.dylib
0x00007ff8251df000 	/System/Library/Frameworks/ImageIO.framework/Versions/A/Resources/libGIF.dylib
0x00007ff824a5e000 	/System/Library/Frameworks/ImageIO.framework/Versions/A/Resources/libJP2.dylib
0x00007ff82517f000 	/System/Library/Frameworks/ImageIO.framework/Versions/A/Resources/libJPEG.dylib
0x00007ff825176000 	/System/Library/Frameworks/ImageIO.framework/Versions/A/Resources/libRadiance.dylib
0x00007ff821094000 	/System/Library/PrivateFrameworks/FontServices.framework/libFontParser.dylib
0x00007ff81dd55000 	/System/Library/PrivateFrameworks/RunningBoardServices.framework/Versions/A/RunningBoardServices
0x00007ff82fecf000 	/System/Library/PrivateFrameworks/IOSurfaceAccelerator.framework/Versions/A/IOSurfaceAccelerator
0x00007ff824b49000 	/System/Library/PrivateFrameworks/WatchdogClient.framework/Versions/A/WatchdogClient
0x00007ff819251000 	/System/Library/Frameworks/CoreDisplay.framework/Versions/A/CoreDisplay
0x00007ff820f83000 	/System/Library/Frameworks/CoreMedia.framework/Versions/A/CoreMedia
0x00007ff820d75000 	/System/Library/PrivateFrameworks/IOAccelerator.framework/Versions/A/IOAccelerator
0x00007ff81fb14000 	/System/Library/Frameworks/CoreVideo.framework/Versions/A/CoreVideo
0x00007ff823742000 	/System/Library/Frameworks/MetalPerformanceShaders.framework/Versions/A/MetalPerformanceShaders
0x00007ff824b86000 	/System/Library/Frameworks/VideoToolbox.framework/Versions/A/VideoToolbox
0x00007ff81dc99000 	/System/Library/PrivateFrameworks/BaseBoard.framework/Versions/A/BaseBoard
0x00007ff82516f000 	/System/Library/PrivateFrameworks/GPUWrangler.framework/Versions/A/GPUWrangler
0x00007ff825153000 	/System/Library/PrivateFrameworks/IOPresentment.framework/Versions/A/IOPresentment
0x00007ff825179000 	/System/Library/PrivateFrameworks/DSExternalDisplay.framework/Versions/A/DSExternalDisplay
0x00007ffb1d9a5000 	/System/Library/PrivateFrameworks/GPUCompiler.framework/Versions/31001/Libraries/libllvm-flatbuffers.dylib
0x00007ffa2cf04000 	/System/Library/Frameworks/OpenGL.framework/Versions/A/Libraries/libCoreFSCache.dylib
0x00007ffb1d9a1000 	/System/Library/PrivateFrameworks/GPUCompiler.framework/Versions/31001/Libraries/libGPUCompilerUtils.dylib
0x00007ff8251e5000 	/System/Library/PrivateFrameworks/CMCaptureCore.framework/Versions/A/CMCaptureCore
0x00007ffa327d4000 	/System/Library/Frameworks/ExtensionFoundation.framework/Versions/A/ExtensionFoundation
0x00007ff82bc20000 	/System/Library/PrivateFrameworks/CoreTime.framework/Versions/A/CoreTime
0x00007ff824715000 	/System/Library/PrivateFrameworks/AppServerSupport.framework/Versions/A/AppServerSupport
0x00007ff826aa1000 	/System/Library/PrivateFrameworks/perfdata.framework/Versions/A/perfdata
0x00007ff81937d000 	/System/Library/PrivateFrameworks/AudioToolboxCore.framework/Versions/A/AudioToolboxCore
0x00007ff820f5d000 	/System/Library/PrivateFrameworks/caulk.framework/Versions/A/caulk
0x00007ff82636e000 	/usr/lib/libAudioStatistics.dylib
0x00007ff918e54000 	/System/Library/PrivateFrameworks/SystemPolicy.framework/Versions/A/SystemPolicy
0x00007ff82660c000 	/usr/lib/libSMC.dylib
0x00007ff82f737000 	/System/Library/Frameworks/CoreMIDI.framework/Versions/A/CoreMIDI
0x00007ff82508f000 	/usr/lib/libAudioToolboxUtility.dylib
0x00007ff834c6a000 	/System/Library/PrivateFrameworks/OSAServicesClient.framework/Versions/A/OSAServicesClient
0x00007ff826aae000 	/usr/lib/libperfcheck.dylib
0x00007ff824045000 	/System/Library/PrivateFrameworks/PlugInKit.framework/Versions/A/PlugInKit
0x00007ff822964000 	/System/Library/PrivateFrameworks/AssertionServices.framework/Versions/A/AssertionServices
0x00007ffa2cf5f000 	/System/Library/Frameworks/OpenGL.framework/Versions/A/Libraries/libGLU.dylib
0x00007ffa2cf23000 	/System/Library/Frameworks/OpenGL.framework/Versions/A/Libraries/libGFXShared.dylib
0x00007ffa2d12c000 	/System/Library/Frameworks/OpenGL.framework/Versions/A/Libraries/libGL.dylib
0x00007ffa2cf2c000 	/System/Library/Frameworks/OpenGL.framework/Versions/A/Libraries/libGLImage.dylib
0x00007ffa2cf20000 	/System/Library/Frameworks/OpenGL.framework/Versions/A/Libraries/libCVMSPluginSupport.dylib
0x00007ffb35684000 	/usr/lib/libRosetta.dylib
0x00007ffa2cf0b000 	/System/Library/Frameworks/OpenGL.framework/Versions/A/Libraries/libCoreVMClient.dylib
0x00007ff821c3e000 	/System/Library/Frameworks/MetalPerformanceShaders.framework/Versions/A/Frameworks/MPSCore.framework/Versions/A/MPSCore
0x00007ff82305f000 	/System/Library/Frameworks/MetalPerformanceShaders.framework/Versions/A/Frameworks/MPSImage.framework/Versions/A/MPSImage
0x00007ff822ad5000 	/System/Library/Frameworks/MetalPerformanceShaders.framework/Versions/A/Frameworks/MPSNeuralNetwork.framework/Versions/A/MPSNeuralNetwork
0x00007ff822f48000 	/System/Library/Frameworks/MetalPerformanceShaders.framework/Versions/A/Frameworks/MPSMatrix.framework/Versions/A/MPSMatrix
0x00007ff822d03000 	/System/Library/Frameworks/MetalPerformanceShaders.framework/Versions/A/Frameworks/MPSRayIntersector.framework/Versions/A/MPSRayIntersector
0x00007ff822f83000 	/System/Library/Frameworks/MetalPerformanceShaders.framework/Versions/A/Frameworks/MPSNDArray.framework/Versions/A/MPSNDArray
0x00007ffa33b44000 	/System/Library/Frameworks/MetalPerformanceShaders.framework/Versions/A/Frameworks/MPSFunctions.framework/Versions/A/MPSFunctions
0x00007ff817f79000 	/System/Library/PrivateFrameworks/MetalTools.framework/Versions/A/MetalTools
0x00007ff821cc4000 	/System/Library/PrivateFrameworks/AggregateDictionary.framework/Versions/A/AggregateDictionary
0x00007ff823f00000 	/usr/lib/libIOReport.dylib
0x00007ffa2e50f000 	/System/Library/Frameworks/OpenCL.framework/Versions/A/OpenCL
0x00007ff8242a7000 	/System/Library/PrivateFrameworks/GraphVisualizer.framework/Versions/A/GraphVisualizer
0x00007ffb1d8b6000 	/System/Library/PrivateFrameworks/FontServices.framework/Versions/A/FontServices
0x00007ff8246d0000 	/System/Library/PrivateFrameworks/OTSVG.framework/Versions/A/OTSVG
0x00007ff81f6de000 	/System/Library/Frameworks/ApplicationServices.framework/Versions/A/Frameworks/ATS.framework/Versions/A/Resources/libFontRegistry.dylib
0x00007ff82471f000 	/System/Library/PrivateFrameworks/FontServices.framework/libhvf.dylib
0x00007ffb1d8b7000 	/System/Library/PrivateFrameworks/FontServices.framework/libXTFontStaticRegistryData.dylib
0x00007ffb2eb50000 	/System/Library/PrivateFrameworks/VideoToolboxParavirtualizationSupport.framework/Versions/A/VideoToolboxParavirtualizationSupport
0x00007ff824111000 	/System/Library/PrivateFrameworks/AppleVA.framework/Versions/A/AppleVA
0x00007ff8263ae000 	/System/Library/Frameworks/ApplicationServices.framework/Versions/A/Frameworks/ATS.framework/Versions/A/ATS
0x00007ff81d101000 	/System/Library/Frameworks/ApplicationServices.framework/Versions/A/Frameworks/HIServices.framework/Versions/A/HIServices
0x00007ff8251f1000 	/System/Library/Frameworks/ApplicationServices.framework/Versions/A/Frameworks/PrintCore.framework/Versions/A/PrintCore
0x00007ff826761000 	/System/Library/Frameworks/ApplicationServices.framework/Versions/A/Frameworks/QD.framework/Versions/A/QD
0x00007ff826759000 	/System/Library/Frameworks/ApplicationServices.framework/Versions/A/Frameworks/ColorSyncLegacy.framework/Versions/A/ColorSyncLegacy
0x00007ff826382000 	/System/Library/Frameworks/ApplicationServices.framework/Versions/A/Frameworks/SpeechSynthesis.framework/Versions/A/SpeechSynthesis
0x00007ff8251af000 	/System/Library/Frameworks/ApplicationServices.framework/Versions/A/Frameworks/ATSUI.framework/Versions/A/ATSUI
0x00007ff8266ec000 	/usr/lib/libcups.2.dylib
0x00007ff826abd000 	/System/Library/Frameworks/Kerberos.framework/Versions/A/Kerberos
0x00007ff826acc000 	/System/Library/Frameworks/GSS.framework/Versions/A/GSS
0x00007ff82641c000 	/usr/lib/libresolv.9.dylib
0x00007ff824730000 	/System/Library/PrivateFrameworks/Heimdal.framework/Versions/A/Heimdal
0x00007ff82d860000 	/System/Library/Frameworks/Kerberos.framework/Versions/A/Libraries/libHeimdalProxy.dylib
0x00007ff826b17000 	/System/Library/PrivateFrameworks/CommonAuth.framework/Versions/A/CommonAuth
0x00007ffa31aaa000 	/System/Library/Frameworks/AVFAudio.framework/Versions/A/AVFAudio
0x00007ff834cb3000 	/System/Library/PrivateFrameworks/AXCoreUtilities.framework/Versions/A/AXCoreUtilities
0x00007ff8262fe000 	/System/Library/PrivateFrameworks/AudioSession.framework/Versions/A/AudioSession
0x00007ff827900000 	/System/Library/Frameworks/IOBluetooth.framework/Versions/A/IOBluetooth
0x00007ff824217000 	/System/Library/PrivateFrameworks/MediaExperience.framework/Versions/A/MediaExperience
0x00007ff8261a5000 	/System/Library/PrivateFrameworks/AudioSession.framework/libSessionUtility.dylib
0x00007ff82676d000 	/System/Library/PrivateFrameworks/AudioResourceArbitration.framework/Versions/A/AudioResourceArbitration
0x00007ff82a859000 	/System/Library/PrivateFrameworks/PowerLog.framework/Versions/A/PowerLog
0x00007ff82a79b000 	/System/Library/Frameworks/CoreBluetooth.framework/Versions/A/CoreBluetooth
0x00007ff82d861000 	/System/Library/Frameworks/AudioUnit.framework/Versions/A/AudioUnit
0x00007ff8227ce000 	/System/Library/PrivateFrameworks/CoreUtils.framework/Versions/A/CoreUtils
0x00007ffb1c467000 	/System/Library/PrivateFrameworks/CoreUtilsExtras.framework/Versions/A/CoreUtilsExtras
0x00007ffb211c9000 	/System/Library/PrivateFrameworks/IO80211.framework/Versions/A/IO80211
0x00007ff824185000 	/System/Library/PrivateFrameworks/IconFoundation.framework/Versions/A/IconFoundation
0x00007ff829878000 	/System/Library/PrivateFrameworks/SpeechRecognitionCore.framework/Versions/A/SpeechRecognitionCore
0x0000000101aec000 	/Users/taliablanco/Library/Java/JavaVirtualMachines/openjdk-19.0.2/Contents/Home/lib/server/libjvm.dylib
0x0000000100970000 	/Users/taliablanco/Library/Java/JavaVirtualMachines/openjdk-19.0.2/Contents/Home/lib/libjimage.dylib
0x00000001009e1000 	/Users/taliablanco/Library/Java/JavaVirtualMachines/openjdk-19.0.2/Contents/Home/lib/libinstrument.dylib
0x0000000100a24000 	/Users/taliablanco/Library/Java/JavaVirtualMachines/openjdk-19.0.2/Contents/Home/lib/libjava.dylib
0x00000001018ef000 	/Users/taliablanco/Library/Java/JavaVirtualMachines/openjdk-19.0.2/Contents/Home/lib/libnio.dylib
0x000000010190b000 	/Users/taliablanco/Library/Java/JavaVirtualMachines/openjdk-19.0.2/Contents/Home/lib/libnet.dylib
0x0000000100a08000 	/Users/taliablanco/Library/Java/JavaVirtualMachines/openjdk-19.0.2/Contents/Home/lib/libzip.dylib
0x000000010193b000 	/Users/taliablanco/.openjfx/cache/19+11/x86_64/libprism_es2.dylib
0x00007ffa2d137000 	/System/Library/Frameworks/OpenGL.framework/Versions/A/Resources/GLEngine.bundle/GLEngine
0x00007ffa2cf9d000 	/System/Library/Frameworks/OpenGL.framework/Versions/A/Libraries/libGLProgrammability.dylib
0x00007ffa24df0000 	/System/Library/Extensions/AppleIntelKBLGraphicsGLDriver.bundle/Contents/MacOS/AppleIntelKBLGraphicsGLDriver
0x00007ff924f41000 	/System/Library/PrivateFrameworks/GPUSupport.framework/Versions/A/Libraries/libGPUSupportMercury.dylib
0x00007ffa2d2c1000 	/System/Library/Frameworks/OpenGL.framework/Versions/A/Resources/GLRendererFloat.bundle/GLRendererFloat
0x0000000125b57000 	/Users/taliablanco/.openjfx/cache/19+11/x86_64/libglass.dylib
0x00007ff82ae4b000 	/System/Library/Frameworks/FileProvider.framework/Versions/A/FileProvider
0x00007ff81dc04000 	/System/Library/Frameworks/Accounts.framework/Versions/A/Accounts
0x00007ff81fba3000 	/System/Library/PrivateFrameworks/UserManagement.framework/Versions/A/UserManagement
0x00007ff82afd7000 	/System/Library/PrivateFrameworks/GenerationalStorage.framework/Versions/A/GenerationalStorage
0x00007ff82bb4f000 	/System/Library/PrivateFrameworks/CoreSymbolication.framework/Versions/A/CoreSymbolication
0x00007ff82a84e000 	/System/Library/PrivateFrameworks/SymptomDiagnosticReporter.framework/Versions/A/SymptomDiagnosticReporter
0x00007ff81bbdf000 	/System/Library/PrivateFrameworks/DesktopServicesPriv.framework/Versions/A/DesktopServicesPriv
0x00007ff81a9a2000 	/usr/lib/libsandbox.1.dylib
0x00007ff82bb14000 	/System/Library/PrivateFrameworks/DebugSymbols.framework/Versions/A/DebugSymbols
0x00007ff82674e000 	/System/Library/PrivateFrameworks/NetAuth.framework/Versions/A/NetAuth
0x00007ff827780000 	/System/Library/PrivateFrameworks/Sharing.framework/Versions/A/Sharing
0x00007ff81fb69000 	/System/Library/PrivateFrameworks/login.framework/Versions/A/Frameworks/loginsupport.framework/Versions/A/loginsupport
0x00007ff82cd4d000 	/System/Library/PrivateFrameworks/Apple80211.framework/Versions/A/Apple80211
0x00007ff823149000 	/System/Library/PrivateFrameworks/AuthKit.framework/Versions/A/AuthKit
0x00007ff822754000 	/System/Library/Frameworks/CoreWLAN.framework/Versions/A/CoreWLAN
0x00007ff82cd51000 	/System/Library/PrivateFrameworks/CoreWiFi.framework/Versions/A/CoreWiFi
0x00007ffa1c207000 	/System/Library/PrivateFrameworks/WiFiPeerToPeer.framework/Versions/A/WiFiPeerToPeer
0x00007ff82b6be000 	/System/Library/PrivateFrameworks/FrontBoardServices.framework/Versions/A/FrontBoardServices
0x00007ff82b756000 	/System/Library/PrivateFrameworks/BoardServices.framework/Versions/A/BoardServices
0x00007ff82cee4000 	/System/Library/PrivateFrameworks/BackBoardServices.framework/Versions/A/BackBoardServices
0x00007ff8232c0000 	/System/Library/Frameworks/UserNotifications.framework/Versions/A/UserNotifications
0x00007ff826c0c000 	/System/Library/PrivateFrameworks/CorePhoneNumbers.framework/Versions/A/CorePhoneNumbers
0x00007ff826449000 	/System/Library/PrivateFrameworks/MultiverseSupport.framework/Versions/A/MultiverseSupport
0x00007ff82d15f000 	/System/Library/PrivateFrameworks/RemoteServiceDiscovery.framework/Versions/A/RemoteServiceDiscovery
0x00007ff82a96c000 	/System/Library/PrivateFrameworks/DiskManagement.framework/Versions/A/DiskManagement
0x00007ff82a880000 	/System/Library/PrivateFrameworks/AppleIDAuthSupport.framework/Versions/A/AppleIDAuthSupport
0x00007ffa36730000 	/System/Library/PrivateFrameworks/AAAFoundation.framework/Versions/A/AAAFoundation
0x00007ff826be5000 	/System/Library/PrivateFrameworks/KeychainCircle.framework/Versions/A/KeychainCircle
0x00007ff82d16f000 	/System/Library/PrivateFrameworks/RemoteXPC.framework/Versions/A/RemoteXPC
0x00007ff82a938000 	/System/Library/PrivateFrameworks/MediaKit.framework/Versions/A/MediaKit
0x00007ff82a88c000 	/System/Library/Frameworks/DiscRecording.framework/Versions/A/DiscRecording
0x00007ff824089000 	/usr/lib/libCoreStorage.dylib
0x00007ff82d1da000 	/usr/lib/libcsfde.dylib
0x00007ff8279d1000 	/System/Library/PrivateFrameworks/ProtectedCloudStorage.framework/Versions/A/ProtectedCloudStorage
0x00007ff82d1d6000 	/System/Library/PrivateFrameworks/EFILogin.framework/Versions/A/EFILogin
0x00007ff82affd000 	/System/Library/PrivateFrameworks/OctagonTrust.framework/Versions/A/OctagonTrust
0x00007ff824081000 	/usr/lib/libMatch.1.dylib
0x00007ff91e653000 	/System/Library/Frameworks/Accelerate.framework/Versions/A/Frameworks/vImage.framework/Versions/A/Libraries/libCGInterfaces.dylib
0x000000012797c000 	/usr/lib/libobjc-trampolines.dylib
0x00007ffb3543c000 	/usr/lib/libAccessibilityBaseImplementations.dylib
0x00007ff81f882000 	/System/Library/PrivateFrameworks/ViewBridge.framework/Versions/A/ViewBridge
0x00007ff8247e8000 	/System/Library/PrivateFrameworks/login.framework/Versions/A/login
0x000000012b7e3000 	/Users/taliablanco/.openjfx/cache/19+11/x86_64/libjavafx_font.dylib


VM Arguments:
jvm_args: -javaagent:/Applications/IntelliJ IDEA CE.app/Contents/lib/idea_rt.jar=54663:/Applications/IntelliJ IDEA CE.app/Contents/bin -Dfile.encoding=UTF-8 -Dsun.stdout.encoding=UTF-8 -Dsun.stderr.encoding=UTF-8 --module-path=/Users/taliablanco/.m2/repository/org/kordamp/bootstrapfx/bootstrapfx-core/0.4.0/bootstrapfx-core-0.4.0.jar:/Users/taliablanco/.m2/repository/org/kordamp/ikonli/ikonli-core/12.3.1/ikonli-core-12.3.1.jar:/Users/taliablanco/.m2/repository/com/opencsv/opencsv/5.7.1/opencsv-5.7.1.jar:/Users/taliablanco/.m2/repository/org/openjfx/javafx-media/19/javafx-media-19-mac.jar:/Users/taliablanco/.m2/repository/org/openjfx/javafx-base/19/javafx-base-19-mac.jar:/Users/taliablanco/.m2/repository/org/kordamp/ikonli/ikonli-javafx/12.3.1/ikonli-javafx-12.3.1.jar:/Users/taliablanco/.m2/repository/com/dlsc/formsfx/formsfx-core/11.5.0/formsfx-core-11.5.0.jar:/Users/taliablanco/.m2/repository/org/openjfx/javafx-controls/19/javafx-controls-19-mac.jar:/Users/taliablanco/.m2/repository/org/controlsfx/controlsfx/11.1.1/controlsfx-11.1.1.jar:/Users/taliablanco/.m2/repository/org/openjfx/javafx-graphics/19/javafx-graphics-19-mac.jar:/Users/taliablanco/.m2/repository/net/synedra/validatorfx/0.3.1/validatorfx-0.3.1.jar:/Users/taliablanco/.m2/repository/org/openjfx/javafx-fxml/19/javafx-fxml-19-mac.jar:/Users/taliablanco/Documents/GitHub/catan/The Settlers/target/classes -Djdk.module.main=com.example.thesettlers 
java_command: com.example.thesettlers/com.example.thesettlers.MenuFX
java_class_path (initial): /Users/taliablanco/.m2/repository/org/openjfx/javafx-controls/19/javafx-controls-19.jar:/Users/taliablanco/.m2/repository/org/openjfx/javafx-graphics/19/javafx-graphics-19.jar:/Users/taliablanco/.m2/repository/org/openjfx/javafx-base/19/javafx-base-19.jar:/Users/taliablanco/.m2/repository/org/openjfx/javafx-fxml/19/javafx-fxml-19.jar:/Users/taliablanco/.m2/repository/org/openjfx/javafx-media/19/javafx-media-19.jar:/Users/taliablanco/.m2/repository/com/github/almasb/fxgl/17.1/fxgl-17.1.jar:/Users/taliablanco/.m2/repository/com/github/almasb/fxgl-core/17.1/fxgl-core-17.1.jar:/Users/taliablanco/.m2/repository/com/gluonhq/attach/audio/4.0.13/audio-4.0.13.jar:/Users/taliablanco/.m2/repository/com/github/almasb/fxgl-io/17.1/fxgl-io-17.1.jar:/Users/taliablanco/.m2/repository/com/gluonhq/attach/storage/4.0.13/storage-4.0.13.jar:/Users/taliablanco/.m2/repository/com/gluonhq/attach/util/4.0.13/util-4.0.13.jar:/Users/taliablanco/.m2/repository/com/github/almasb/fxgl-entity/17.1/fxgl-entity-17.1.jar:/Users/taliablanco/.m2/repository/com/github/almasb/fxgl-scene/17.1/fxgl-scene-17.1.jar:/Users/taliablanco/.m2/repository/com/github/almasb/fxgl-gameplay/17.1/fxgl-gameplay-17.1.jar:/Users/taliablanco/.m2/repository/com/fasterxml/jackson/core/jackson-annotations/2.12.1/jackson-annotations-2.12.1.jar:/Users/taliablanco/.m2/repository/com/fasterxml/jackson/core/jackson-databind/2.12.1/jackson-databind-2.12.1.jar:/Users/taliablanco/.m2/repository/com/fasterxml/jackson/core/jackson-core/2.12.1/jackson-core-2.12.1.jar:/Users/taliablanco/.m2/repository/com/gluonhq/attach/lifecycle/4.0.13/lifecycle-4.0.13.jar:/Users/taliablanco/.m2/repository/org/jetbrains/kotlin/kotlin-stdlib/1.5.32/kotlin-stdlib-1.5.32-modular.jar:/Users/taliablanco/.m2/repository/org/jetbrains/annotations/13.0/annotations-13.0.jar:/Users/taliablanco/.m2/repository/org/jetbrains/kotlin/kotlin-stdlib-common/1.5.32/kotlin-stdlib-common-1.5.32.jar:/Users/taliablanco/.m2/repository/org/apache/commons/commons-lang3/3.12.0/commons-lang3-3.12.0.jar:/Users/taliablanco/.m2/repository/org/apache/commons/commons-text/1.10.0/commons-text-1.10.0.jar:/Users/taliablanco/.m2/repository/commons-beanutils/commons-beanutils/1.9.4/commons-beanutils-1.9.4.jar:/Users/taliablanco/.m2/repository/commons-logging/commons-logging/1.2/commons-logging-1.2.jar:/Users/taliablanco/.m2/repository/commons-collections/commons-collections/3.2.2/commons-collections-3.2.2.jar:/Users/taliablanco/.m2/repository/org/apache/commons/commons-collections4/4.4/commons-collections4-4.4.jar
Launcher Type: SUN_STANDARD

[Global flags]
     intx CICompilerCount                          = 4                                         {product} {ergonomic}
     uint ConcGCThreads                            = 2                                         {product} {ergonomic}
     uint G1ConcRefinementThreads                  = 8                                         {product} {ergonomic}
   size_t G1HeapRegionSize                         = 1048576                                   {product} {ergonomic}
    uintx GCDrainStackTargetSize                   = 64                                        {product} {ergonomic}
   size_t InitialHeapSize                          = 134217728                                 {product} {ergonomic}
   size_t MarkStackSize                            = 4194304                                   {product} {ergonomic}
   size_t MaxHeapSize                              = 2147483648                                {product} {ergonomic}
   size_t MaxNewSize                               = 1287651328                                {product} {ergonomic}
   size_t MinHeapDeltaBytes                        = 1048576                                   {product} {ergonomic}
   size_t MinHeapSize                              = 8388608                                   {product} {ergonomic}
    uintx NonNMethodCodeHeapSize                   = 5839372                                {pd product} {ergonomic}
    uintx NonProfiledCodeHeapSize                  = 122909434                              {pd product} {ergonomic}
    uintx ProfiledCodeHeapSize                     = 122909434                              {pd product} {ergonomic}
    uintx ReservedCodeCacheSize                    = 251658240                              {pd product} {ergonomic}
     bool SegmentedCodeCache                       = true                                      {product} {ergonomic}
   size_t SoftMaxHeapSize                          = 2147483648                             {manageable} {ergonomic}
     bool UseCompressedClassPointers               = true                           {product lp64_product} {ergonomic}
     bool UseCompressedOops                        = true                           {product lp64_product} {ergonomic}
     bool UseG1GC                                  = true                                      {product} {ergonomic}
     bool UseNUMA                                  = false                                     {product} {ergonomic}
     bool UseNUMAInterleaving                      = false                                     {product} {ergonomic}

Logging:
Log output configuration:
 #0: stdout all=warning uptime,level,tags foldmultilines=false
 #1: stderr all=off uptime,level,tags foldmultilines=false

Environment Variables:
PATH=/Users/taliablanco/opt/anaconda3/bin:/Users/taliablanco/opt/anaconda3/condabin:/usr/local/bin:/System/Cryptexes/App/usr/bin:/usr/bin:/bin:/usr/sbin:/sbin:/Library/TeX/texbin:/usr/local/share/dotnet:~/.dotnet/tools
SHELL=/bin/bash
LC_CTYPE=en_GB.UTF-8
TMPDIR=/var/folders/cn/_gr293yn3758m7xydtx22klr0000gn/T/

Active Locale:
LC_ALL=C/en_GB.UTF-8/C/C/C/C
LC_COLLATE=C
LC_CTYPE=en_GB.UTF-8
LC_MESSAGES=C
LC_MONETARY=C
LC_NUMERIC=C
LC_TIME=C

Signal Handlers:
   SIGSEGV: crash_handler in libjvm.dylib, mask=11100110000111110111111111111111, flags=SA_RESTART|SA_SIGINFO
    SIGBUS: crash_handler in libjvm.dylib, mask=11100110000111110111111111111111, flags=SA_RESTART|SA_SIGINFO
    SIGFPE: crash_handler in libjvm.dylib, mask=11100110000111110111111111111111, flags=SA_RESTART|SA_SIGINFO
   SIGPIPE: javaSignalHandler in libjvm.dylib, mask=11100110000111110111111111111111, flags=SA_RESTART|SA_SIGINFO
   SIGXFSZ: javaSignalHandler in libjvm.dylib, mask=11100110000111110111111111111111, flags=SA_RESTART|SA_SIGINFO
    SIGILL: crash_handler in libjvm.dylib, mask=11100110000111110111111111111111, flags=SA_RESTART|SA_SIGINFO
   SIGUSR2: SR_handler in libjvm.dylib, mask=00100000000000000000000000000000, flags=SA_RESTART|SA_SIGINFO
    SIGHUP: UserHandler in libjvm.dylib, mask=11100110000111110111111111111111, flags=SA_RESTART|SA_SIGINFO
    SIGINT: UserHandler in libjvm.dylib, mask=11100110000111110111111111111111, flags=SA_RESTART|SA_SIGINFO
   SIGTERM: UserHandler in libjvm.dylib, mask=11100110000111110111111111111111, flags=SA_RESTART|SA_SIGINFO
   SIGQUIT: UserHandler in libjvm.dylib, mask=11100110000111110111111111111111, flags=SA_RESTART|SA_SIGINFO
   SIGTRAP: crash_handler in libjvm.dylib, mask=11100110000111110111111111111111, flags=SA_RESTART|SA_SIGINFO


---------------  S Y S T E M  ---------------

OS:
uname: Darwin 22.3.0 Darwin Kernel Version 22.3.0: Mon Jan 30 20:42:11 PST 2023; root:xnu-8792.81.3~2/RELEASE_X86_64 x86_64
OS uptime: 7 days 3:27 hours
rlimit (soft/hard): STACK 8192k/65532k , CORE 0k/infinity , NPROC 1392/2088 , NOFILE 10240/infinity , AS infinity/infinity , CPU infinity/infinity , DATA infinity/infinity , FSIZE infinity/infinity , MEMLOCK infinity/infinity , RSS infinity/infinity
load average: 2.80 2.84 2.65

CPU: total 8 (initial active 8) (4 cores per cpu, 2 threads per core) family 6 model 142 stepping 10 microcode 0xf0, cx8, cmov, fxsr, ht, mmx, 3dnowpref, sse, sse2, sse3, ssse3, sse4.1, sse4.2, popcnt, lzcnt, tsc, tscinvbit, avx, avx2, aes, erms, clmul, bmi1, bmi2, adx, fma, vzeroupper, clflush, clflushopt, rdtscp

Memory: 4k page, physical 8388608k(55624k free), swap 4194304k(407552k free)

vm_info: OpenJDK 64-Bit Server VM (19.0.2+7-44) for bsd-amd64 JRE (19.0.2+7-44), built on 2022-11-30T18:02:09Z by "mach5one" with clang Apple LLVM 12.0.0 (clang-1200.0.32.29)

END.
